[+] Containers:
 |- [+] Container: /Game/Maps/LandscapeWorldPartition
 |   |- [+] ActorDescs:
 |   |   |- Guid:02E5D2014AF969245EF8DCAA26195A2B BaseClass: NativeClass:/Script/Engine.DecalActor Name:DecalActor_UAID_F079599279ED7D9401_1911468456 Label:DecalActor9 SpatiallyLoaded:1 Bounds:IsValid=true, Min=(X=8703.948 Y=-1308.073 Z=7.360), Max=(X=9236.052 Y=-813.927 Z=130.640) RuntimeGrid:None EditorOnly:0 RuntimeOnly:0 HLODRelevant:0 FolderPath:Decals FolderGuid:1C857CE34857382A28CDA4ACC558E8F5
 |   |   |- Guid:1017254E489C16FA95FBF0AA8C78D757 BaseClass: NativeClass:/Script/Engine.SkyLight Name:SkyLight_UAID_F079599279ED059401_1224039333 Label:SkyLight SpatiallyLoaded:0 Bounds:IsValid=true, Min=(X=990.000 Y=280.000 Z=570.000), Max=(X=990.000 Y=280.000 Z=570.000) RuntimeGrid:None EditorOnly:0 RuntimeOnly:0 HLODRelevant:0 FolderPath:Lights FolderGuid:3B20225D40C964C248287BA0109E9256
 |   |   |- Guid:13AC7E694B063C84AE6964ACF186B2C6 BaseClass: NativeClass:/Script/Engine.StaticMeshActor Name:StaticMeshActor_UAID_F079599279ED289401_1315643509 Label:S_Snow_Embankment_uhvjae0fa_lod3_Var1 SpatiallyLoaded:1 Bounds:IsValid=true, Min=(X=965.678 Y=-4949.996 Z=97.826), Max=(X=2490.064 Y=-3855.504 Z=160.627) RuntimeGrid:None EditorOnly:0 RuntimeOnly:0 HLODRelevant:1 FolderPath:Environment FolderGuid:6B795EB043F4C5B305A158ABE6022322
 |   |   |- Guid:17666E154259930CCA58E08320953F0E BaseClass:/Game/BPD/BPD_OrcoEnemy.BPD_OrcoEnemy_C NativeClass:/Script/Arcade.CPP_OrcoEnemy Name:BPD_OrcoEnemy_C_UAID_F079599279ED799401_1872443761 Label:BPD_OrcoEnemy5 SpatiallyLoaded:1 Bounds:IsValid=true, Min=(X=-9772.119 Y=8561.881 Z=112.614), Max=(X=-9283.881 Y=9050.119 Z=600.853) RuntimeGrid:None EditorOnly:0 RuntimeOnly:0 HLODRelevant:0 FolderPath:Characters FolderGuid:6D7275AF41F5E72E87E3EABDACB8857C
 |   |   |- Guid:1B7F7B2541C67F29749030A4C42BA131 BaseClass: NativeClass:/Script/Engine.LightmassImportanceVolume Name:LightmassImportanceVolume_UAID_9C5C8E95654EB09401_1782871486 Label:LightmassImportanceVolume SpatiallyLoaded:1 Bounds:IsValid=true, Min=(X=563.000 Y=-2727.001 Z=78.000), Max=(X=1557.000 Y=-1516.999 Z=612.000) RuntimeGrid:None EditorOnly:0 RuntimeOnly:0 HLODRelevant:0 FolderPath:Lights FolderGuid:3B20225D40C964C248287BA0109E9256
 |   |   |- Guid:2BE01B1F426EBDBF31830EA7242B636E BaseClass: NativeClass:/Script/Engine.TriggerVolume Name:TriggerVolume_UAID_F079599279ED759401_1625842041 Label:TriggerVolume SpatiallyLoaded:1 Bounds:IsValid=true, Min=(X=3679.693 Y=-2040.021 Z=-294.897), Max=(X=4330.307 Y=-1481.979 Z=136.897) RuntimeGrid:None EditorOnly:0 RuntimeOnly:0 HLODRelevant:0
 |   |   |- Guid:2F5B4F3544BA35D573B19BAA1C92AD9C BaseClass:/Game/BPD/BPD_OrcoEnemy.BPD_OrcoEnemy_C NativeClass:/Script/Arcade.CPP_OrcoEnemy Name:BPD_OrcoEnemy_C_UAID_F079599279ED799401_1893739762 Label:BPD_OrcoEnemy6 SpatiallyLoaded:1 Bounds:IsValid=true, Min=(X=-5685.119 Y=-6928.119 Z=-16.386), Max=(X=-5196.881 Y=-6439.881 Z=471.853) RuntimeGrid:None EditorOnly:0 RuntimeOnly:0 HLODRelevant:0 FolderPath:Characters FolderGuid:6D7275AF41F5E72E87E3EABDACB8857C
 |   |   |- Guid:3B1A48EC4C8382C9DB8B1B9A37EA461B BaseClass: NativeClass:/Script/Engine.StaticMeshActor Name:StaticMeshActor_UAID_F079599279ED289401_2021398523 Label:S_Modular_Stained_Pillar_Kit_vlvnbdcdw_lod5_Var4 SpatiallyLoaded:1 Bounds:IsValid=true, Min=(X=610.916 Y=-1485.498 Z=99.993), Max=(X=688.962 Y=-1454.376 Z=150.009) RuntimeGrid:None EditorOnly:0 RuntimeOnly:0 HLODRelevant:1 FolderPath:Environment FolderGuid:6B795EB043F4C5B305A158ABE6022322
 |   |   |- Guid:3EB24B0B4F70204C2FC0979A2A5CD0FF BaseClass: NativeClass:/Script/Engine.SpotLight Name:SpotLight_UAID_F079599279ED779401_1879807395 Label:SpotLight SpatiallyLoaded:1 Bounds:IsValid=true, Min=(X=222.918 Y=-2662.082 Z=-1125.164), Max=(X=1613.082 Y=-1271.918 Z=265.000) RuntimeGrid:None EditorOnly:0 RuntimeOnly:0 HLODRelevant:0 FolderPath:Lights FolderGuid:3B20225D40C964C248287BA0109E9256
 |   |   |- Guid:423CCA47450190A5DA7096A437826345 BaseClass:/Game/BP/BP_OpendDoor.BP_OpendDoor_C NativeClass:/Script/Engine.StaticMeshActor Name:BP_OpendDoor_C_UAID_F079599279ED749401_1894841864 Label:BP_OpendDoor SpatiallyLoaded:1 Bounds:IsValid=true, Min=(X=900.289 Y=-2003.000 Z=184.000), Max=(X=1019.711 Y=-1953.000 Z=302.621) RuntimeGrid:None EditorOnly:0 RuntimeOnly:0 HLODRelevant:0 FolderPath:Targets FolderGuid:304CE1DC4D77B64E1CCBE684807C8660
 |   |   |- Guid:4B09D464457789DE7FE92998B054AD4A BaseClass: NativeClass:/Script/Engine.StaticMeshActor Name:StaticMeshActor_UAID_F079599279ED289401_1227731490 Label:S_Dirty_Plastic_Drum_uiujbcxva_lod5_Var1 SpatiallyLoaded:1 Bounds:IsValid=true, Min=(X=463.634 Y=-1107.638 Z=99.503), Max=(X=519.477 Y=-1050.363 Z=189.581) RuntimeGrid:None EditorOnly:0 RuntimeOnly:0 HLODRelevant:0 FolderPath:Environment FolderGuid:6B795EB043F4C5B305A158ABE6022322
 |   |   |- Guid:4CE85D1044CD11575C2C518ED06DE418 BaseClass: NativeClass:/Script/Engine.DecalActor Name:DecalActor_UAID_F079599279ED7D9401_1924087458 Label:DecalActor11 SpatiallyLoaded:1 Bounds:IsValid=true, Min=(X=3621.318 Y=4034.828 Z=96.059), Max=(X=4348.682 Y=4757.172 Z=101.941) RuntimeGrid:None EditorOnly:0 RuntimeOnly:0 HLODRelevant:0 FolderPath:Decals FolderGuid:1C857CE34857382A28CDA4ACC558E8F5
 |   |   |- Guid:523355D348DDBE82B186B1B2335E3139 BaseClass: NativeClass:/Script/Landscape.Landscape Name:Landscape_UAID_F079599279ED039401_1735382975 Label:Landscape SpatiallyLoaded:0 Bounds:IsValid=true, Min=(X=-12600.000 Y=-12600.000 Z=100.000), Max=(X=-12600.000 Y=-12600.000 Z=100.000) RuntimeGrid:None EditorOnly:0 RuntimeOnly:0 HLODRelevant:0
 |   |   |- Guid:68D32243491492F9211685BE7A27FD85 BaseClass: NativeClass:/Script/Landscape.LandscapeStreamingProxy Name:LandscapeStreamingProxy_02Q0PU8XD0PAT714XZWDTCB5P_126_1_0_0 Label:LandscapeStreamingProxy_1_0_0 SpatiallyLoaded:1 Bounds:IsValid=true, Min=(X=0.000 Y=-12600.000 Z=-351.562), Max=(X=12600.000 Y=0.000 Z=2114.062) RuntimeGrid:None EditorOnly:0 RuntimeOnly:0 HLODRelevant:1 FolderPath:Casa FolderGuid:1BAF41F44961ACDB6311D3930F1B4EDA
 |   |   |- Guid:6972DF414C2D1849806F7B9B45F29247 BaseClass: NativeClass:/Script/Engine.StaticMeshActor Name:StaticMeshActor_UAID_F079599279ED779401_1964359397 Label:S_Animal_Skull_vikjeeraa_lod3_Var1 SpatiallyLoaded:1 Bounds:IsValid=true, Min=(X=1416.348 Y=-2350.161 Z=99.265), Max=(X=1441.253 Y=-2302.253 Z=121.552) RuntimeGrid:None EditorOnly:0 RuntimeOnly:0 HLODRelevant:1 FolderPath:Environment FolderGuid:6B795EB043F4C5B305A158ABE6022322
 |   |   |- Guid:71AE1BE74E963F459BAC77BE15FE7E84 BaseClass:/Game/BPD/BPD_OrcoEnemy.BPD_OrcoEnemy_C NativeClass:/Script/Arcade.CPP_OrcoEnemy Name:BPD_OrcoEnemy_C_UAID_F079599279ED789401_1481151581 Label:BPD_OrcoEnemy3 SpatiallyLoaded:1 Bounds:IsValid=true, Min=(X=4259.881 Y=-2132.119 Z=-458.386), Max=(X=4748.119 Y=-1643.881 Z=29.853) RuntimeGrid:None EditorOnly:0 RuntimeOnly:0 HLODRelevant:0 FolderPath:Characters FolderGuid:6D7275AF41F5E72E87E3EABDACB8857C
 |   |   |- Guid:72F361A840A8668F95E3E995D5307805 BaseClass: NativeClass:/Script/Landscape.LandscapeStreamingProxy Name:LandscapeStreamingProxy_02Q0PU8XD0PAT714XZWDTCB5P_126_0_0_0 Label:LandscapeStreamingProxy_0_0_0 SpatiallyLoaded:1 Bounds:IsValid=true, Min=(X=-12600.000 Y=-12600.000 Z=-604.688), Max=(X=0.000 Y=0.000 Z=3027.344) RuntimeGrid:None EditorOnly:0 RuntimeOnly:0 HLODRelevant:1
 |   |   |- Guid:7747EA064F5DBCAFD8F6B3BBC3AD9EB9 BaseClass: NativeClass:/Script/Engine.StaticMeshActor Name:StaticMeshActor_UAID_F079599279ED289401_1281368501 Label:Door SpatiallyLoaded:1 Bounds:IsValid=true, Min=(X=939.982 Y=-2528.652 Z=99.574), Max=(X=1039.987 Y=-2511.952 Z=300.014) RuntimeGrid:None EditorOnly:0 RuntimeOnly:0 HLODRelevant:0 FolderPath:Cabin FolderGuid:1BAF41F44961ACDB6311D3930F1B4EDA
 |   |   |- Guid:793313124F2F660B8E6474B6DF221678 BaseClass: NativeClass:/Script/Engine.DecalActor Name:DecalActor_UAID_F079599279ED7D9401_1964139459 Label:DecalActor12 SpatiallyLoaded:1 Bounds:IsValid=true, Min=(X=1474.828 Y=807.318 Z=98.059), Max=(X=2197.172 Y=1534.682 Z=103.941) RuntimeGrid:None EditorOnly:0 RuntimeOnly:0 HLODRelevant:0 FolderPath:Decals FolderGuid:1C857CE34857382A28CDA4ACC558E8F5
 |   |   |- Guid:7A9064414DA08F3335F21AB8411CEE14 BaseClass: NativeClass:/Script/NavigationSystem.RecastNavMesh Name:RecastNavMesh_UAID_F079599279ED789401-Default Label:RecastNavMesh-Default SpatiallyLoaded:0 Bounds:IsValid=true, Min=(X=0.000 Y=0.000 Z=0.000), Max=(X=0.000 Y=0.000 Z=0.000) RuntimeGrid:None EditorOnly:0 RuntimeOnly:0 HLODRelevant:0
 |   |   |- Guid:82C08D974885D3EA22AD97BDD02E84BA BaseClass: NativeClass:/Script/Engine.SkyAtmosphere Name:SkyAtmosphere_UAID_F079599279ED049401_2000805156 Label:SkyAtmosphere SpatiallyLoaded:0 Bounds:IsValid=true, Min=(X=7990.000 Y=-1760.000 Z=7160.000), Max=(X=7990.000 Y=-1760.000 Z=7160.000) RuntimeGrid:None EditorOnly:0 RuntimeOnly:0 HLODRelevant:0 FolderPath:Lights FolderGuid:3B20225D40C964C248287BA0109E9256
 |   |   |- Guid:83657FEF4248B3618EEB3C84A296A0D3 BaseClass: NativeClass:/Script/Engine.StaticMeshActor Name:StaticMeshActor_UAID_F079599279ED779401_2016869399 Label:S_Rusty_Metal_Shelf_vhtmaifaw_lod5_Var1 SpatiallyLoaded:1 Bounds:IsValid=true, Min=(X=745.227 Y=-2488.779 Z=100.101), Max=(X=816.962 Y=-2286.672 Z=279.830) RuntimeGrid:None EditorOnly:0 RuntimeOnly:0 HLODRelevant:0 FolderPath:Environment FolderGuid:6B795EB043F4C5B305A158ABE6022322
 |   |   |- Guid:8681252B4B84D0F9B8C68FA2F9B7B9F2 BaseClass:/Game/BPD/BPD_OrcoEnemy.BPD_OrcoEnemy_C NativeClass:/Script/Arcade.CPP_OrcoEnemy Name:BPD_OrcoEnemy_C_UAID_F079599279ED789401_1486481582 Label:BPD_OrcoEnemy4 SpatiallyLoaded:1 Bounds:IsValid=true, Min=(X=7296.143 Y=5698.802 Z=47.042), Max=(X=7784.382 Y=6187.040 Z=535.281) RuntimeGrid:None EditorOnly:0 RuntimeOnly:0 HLODRelevant:0 FolderPath:Characters FolderGuid:6D7275AF41F5E72E87E3EABDACB8857C
 |   |   |- Guid:94B68C1848AC1B1B9105B6A982BEA144 BaseClass: NativeClass:/Script/Engine.StaticMeshActor Name:StaticMeshActor_UAID_F079599279ED779401_1986390398 Label:S_Ram_Leg_Bone_tiiiej1fa_lod4 SpatiallyLoaded:1 Bounds:IsValid=true, Min=(X=1490.981 Y=-2369.659 Z=99.805), Max=(X=1500.981 Y=-2332.411 Z=110.735) RuntimeGrid:None EditorOnly:0 RuntimeOnly:0 HLODRelevant:1 FolderPath:Environment FolderGuid:6B795EB043F4C5B305A158ABE6022322
 |   |   |- Guid:94F6406548D15976A2897FAFEE514E9C BaseClass: NativeClass:/Script/Engine.StaticMeshActor Name:StaticMeshActor_UAID_F079599279ED289401_2041952525 Label:S_Modular_Stained_Pillar_Kit_vlvnbdcdw_lod5_Var5 SpatiallyLoaded:1 Bounds:IsValid=true, Min=(X=608.340 Y=-1502.963 Z=151.993), Max=(X=691.491 Y=-1436.988 Z=202.009) RuntimeGrid:None EditorOnly:0 RuntimeOnly:0 HLODRelevant:1 FolderPath:Environment FolderGuid:6B795EB043F4C5B305A158ABE6022322
 |   |   |- Guid:97C21A8E42DF62D6D8FF57A5CE4F1534 BaseClass: NativeClass:/Script/Engine.DecalActor Name:DecalActor_UAID_F079599279ED7D9401_1875451453 Label:DecalActor6 SpatiallyLoaded:1 Bounds:IsValid=true, Min=(X=1099.566 Y=-8956.073 Z=99.110), Max=(X=1634.434 Y=-8461.927 Z=130.890) RuntimeGrid:None EditorOnly:0 RuntimeOnly:0 HLODRelevant:0 FolderPath:Decals FolderGuid:1C857CE34857382A28CDA4ACC558E8F5
 |   |   |- Guid:9B7031E147BB7156F999869D8405DC1A BaseClass: NativeClass:/Script/Engine.PointLight Name:PointLight_UAID_F079599279ED779401_1916811396 Label:PointLight SpatiallyLoaded:1 Bounds:IsValid=true, Min=(X=224.797 Y=-3236.993 Z=-733.848), Max=(X=2224.797 Y=-1236.993 Z=1266.152) RuntimeGrid:None EditorOnly:0 RuntimeOnly:0 HLODRelevant:0 FolderPath:Lights FolderGuid:3B20225D40C964C248287BA0109E9256
 |   |   |- Guid:A41FA4DD4E1378916DCCB78F99A9786A BaseClass:/Game/BPD/BPD_OrcoEnemy.BPD_OrcoEnemy_C NativeClass:/Script/Arcade.CPP_OrcoEnemy Name:BPD_OrcoEnemy_C_UAID_F079599279ED789401_1463094579 Label:BPD_OrcoEnemy SpatiallyLoaded:1 Bounds:IsValid=true, Min=(X=1505.881 Y=-721.119 Z=-35.386), Max=(X=1994.119 Y=-232.881 Z=452.853) RuntimeGrid:None EditorOnly:0 RuntimeOnly:0 HLODRelevant:0 FolderPath:Characters FolderGuid:6D7275AF41F5E72E87E3EABDACB8857C
 |   |   |- Guid:A4984CEF45BE73DBC371CE897BA5B43C BaseClass: NativeClass:/Script/Engine.StaticMeshActor Name:StaticMeshActor_UAID_F079599279ED289401_1284708502 Label:S_Medieval_Modular_Door_ueoqceudw_lod3_Var1 SpatiallyLoaded:1 Bounds:IsValid=true, Min=(X=3699.318 Y=-2152.586 Z=-339.479), Max=(X=3720.737 Y=-1396.290 Z=50.692) RuntimeGrid:None EditorOnly:0 RuntimeOnly:0 HLODRelevant:1 FolderPath:Environment FolderGuid:6B795EB043F4C5B305A158ABE6022322
 |   |   |- Guid:A4BBB0FC4DD4296DF15BB38CC7473791 BaseClass: NativeClass:/Script/NavigationSystem.NavMeshBoundsVolume Name:NavMeshBoundsVolume_UAID_F079599279ED789401_1921793584 Label:NavMeshBoundsVolume SpatiallyLoaded:0 Bounds:IsValid=true, Min=(X=-12598.254 Y=-15469.031 Z=-575.001), Max=(X=12506.254 Y=12297.031 Z=1631.001) RuntimeGrid:None EditorOnly:0 RuntimeOnly:0 HLODRelevant:0
 |   |   |- Guid:B1CBBA324F18D87E8BEE78BA58314691 BaseClass: NativeClass:/Script/Engine.PlayerStart Name:PlayerStart_UAID_F079599279ED2E9401_1788110543 Label:PlayerStart SpatiallyLoaded:0 Bounds:IsValid=true, Min=(X=843.740 Y=-78.245 Z=148.938), Max=(X=923.740 Y=1.755 Z=332.938) RuntimeGrid:None EditorOnly:0 RuntimeOnly:0 HLODRelevant:0
 |   |   |- Guid:BA01C3D64029B738E729CA9CA33E5D3E BaseClass: NativeClass:/Script/Engine.WorldDataLayers Name:WorldDataLayers Label:WorldDataLayers SpatiallyLoaded:0 Bounds:IsValid=true, Min=(X=0.000 Y=0.000 Z=0.000), Max=(X=0.000 Y=0.000 Z=0.000) RuntimeGrid:None EditorOnly:0 RuntimeOnly:0 HLODRelevant:0
 |   |   |- Guid:BF28FB5741437761AFFA5685EF5E240C BaseClass:/Game/BP/BP_Target.BP_Target_C NativeClass:/Script/Engine.StaticMeshActor Name:BP_Target_C_UAID_F079599279ED7B9401_1292616118 Label:BP_Target SpatiallyLoaded:1 Bounds:IsValid=true, Min=(X=2319.000 Y=-1718.791 Z=249.000), Max=(X=2369.000 Y=-1571.209 Z=440.940) RuntimeGrid:None EditorOnly:0 RuntimeOnly:0 HLODRelevant:0 FolderPath:Targets FolderGuid:304CE1DC4D77B64E1CCBE684807C8660
 |   |   |- Guid:C25F18BF4161B701C160F6AA5AF2DCEE BaseClass: NativeClass:/Script/Engine.StaticMeshActor Name:StaticMeshActor_UAID_F079599279ED289401_2070567526 Label:S_Modular_Stained_Pillar_Kit_vlvnbdcdw_lod5_Var6 SpatiallyLoaded:1 Bounds:IsValid=true, Min=(X=694.916 Y=-1475.498 Z=101.993), Max=(X=772.962 Y=-1444.376 Z=152.009) RuntimeGrid:None EditorOnly:0 RuntimeOnly:0 HLODRelevant:1 FolderPath:Environment FolderGuid:6B795EB043F4C5B305A158ABE6022322
 |   |   |- Guid:C35BB47447E9987C4535449920D0EEEC BaseClass: NativeClass:/Script/Landscape.LandscapeStreamingProxy Name:LandscapeStreamingProxy_02Q0PU8XD0PAT714XZWDTCB5P_126_0_1_0 Label:LandscapeStreamingProxy_0_1_0 SpatiallyLoaded:1 Bounds:IsValid=true, Min=(X=-12600.000 Y=0.000 Z=-86.719), Max=(X=0.000 Y=12600.000 Z=2279.688) RuntimeGrid:None EditorOnly:0 RuntimeOnly:0 HLODRelevant:1
 |   |   |- Guid:CC23D90E4408370D28280191690FA5C7 BaseClass: NativeClass:/Script/Landscape.LandscapeStreamingProxy Name:LandscapeStreamingProxy_02Q0PU8XD0PAT714XZWDTCB5P_126_1_1_0 Label:LandscapeStreamingProxy_1_1_0 SpatiallyLoaded:1 Bounds:IsValid=true, Min=(X=0.000 Y=0.000 Z=25.781), Max=(X=12600.000 Y=12600.000 Z=1376.562) RuntimeGrid:None EditorOnly:0 RuntimeOnly:0 HLODRelevant:1
 |   |   |- Guid:CF1DF0AA4CAE8D02BA2982A20496CD76 BaseClass: NativeClass:/Script/Engine.ExponentialHeightFog Name:ExponentialHeightFog_UAID_F079599279ED7A9401_1429905939 Label:ExponentialHeightFog SpatiallyLoaded:0 Bounds:IsValid=true, Min=(X=585.000 Y=-6963.000 Z=100.000), Max=(X=585.000 Y=-6963.000 Z=100.000) RuntimeGrid:None EditorOnly:0 RuntimeOnly:0 HLODRelevant:0 FolderPath:Lights FolderGuid:3B20225D40C964C248287BA0109E9256
 |   |   |- Guid:D07A136A445492808E9C2D875E20B742 BaseClass: NativeClass:/Script/Engine.DecalActor Name:DecalActor_UAID_F079599279ED7D9401_1864187451 Label:DecalActor4 SpatiallyLoaded:1 Bounds:IsValid=true, Min=(X=1463.927 Y=-5898.434 Z=99.059), Max=(X=1958.073 Y=-5363.566 Z=104.941) RuntimeGrid:None EditorOnly:0 RuntimeOnly:0 HLODRelevant:0 FolderPath:Decals FolderGuid:1C857CE34857382A28CDA4ACC558E8F5
 |   |   |- Guid:D0E246194BA093B324E972B46DC634BF BaseClass: NativeClass:/Script/Engine.StaticMeshActor Name:StaticMeshActor_UAID_F079599279ED289401_1318593510 Label:S_Snowy_Stump_vctgcj2fa_lod3_Var1 SpatiallyLoaded:1 Bounds:IsValid=true, Min=(X=1258.873 Y=-930.671 Z=99.250), Max=(X=1320.117 Y=-869.214 Z=264.197) RuntimeGrid:None EditorOnly:0 RuntimeOnly:0 HLODRelevant:0 FolderPath:Environment FolderGuid:6B795EB043F4C5B305A158ABE6022322
 |   |   |- Guid:D99634D148814586B6F160B82F5D5A31 BaseClass: NativeClass:/Script/Engine.StaticMeshActor Name:StaticMeshActor_UAID_F079599279ED289401_1216462489 Label:S_Beach_Cliff_wdqiedw_lod3_Var1 SpatiallyLoaded:1 Bounds:IsValid=true, Min=(X=2146.894 Y=-2794.953 Z=-116.604), Max=(X=3647.741 Y=193.452 Z=836.601) RuntimeGrid:None EditorOnly:0 RuntimeOnly:0 HLODRelevant:1 FolderPath:Environment FolderGuid:6B795EB043F4C5B305A158ABE6022322
 |   |   |- Guid:DF82AA8F440BB5932C9CD2A550508074 BaseClass: NativeClass:/Script/Engine.DirectionalLight Name:DirectionalLight_UAID_F079599279ED039401_1769924977 Label:DirectionalLight SpatiallyLoaded:0 Bounds:IsValid=true, Min=(X=-4398046511104.000 Y=-4398046511104.000 Z=-4398046511104.000), Max=(X=4398046511104.000 Y=4398046511104.000 Z=4398046511104.000) RuntimeGrid:None EditorOnly:0 RuntimeOnly:0 HLODRelevant:0 FolderPath:Lights FolderGuid:3B20225D40C964C248287BA0109E9256
 |   |   |- Guid:E3B798884EC901ABB4C3148C2D411D16 BaseClass: NativeClass:/Script/Engine.DecalActor Name:DecalActor_UAID_F079599279ED7D9401_1827296449 Label:DecalActor2 SpatiallyLoaded:1 Bounds:IsValid=true, Min=(X=661.927 Y=-1338.434 Z=99.059), Max=(X=1156.073 Y=-803.566 Z=104.941) RuntimeGrid:None EditorOnly:0 RuntimeOnly:0 HLODRelevant:0 FolderPath:Decals FolderGuid:1C857CE34857382A28CDA4ACC558E8F5
 |   |   |- Guid:E562E6BC4CFD26E457F0E49464199492 BaseClass: NativeClass:/Script/Engine.DecalActor Name:DecalActor_UAID_F079599279ED7D9401_1887682454 Label:DecalActor7 SpatiallyLoaded:1 Bounds:IsValid=true, Min=(X=9273.750 Y=-9573.319 Z=309.657), Max=(X=9942.250 Y=-8966.681 Z=718.343) RuntimeGrid:None EditorOnly:0 RuntimeOnly:0 HLODRelevant:0 FolderPath:Decals FolderGuid:1C857CE34857382A28CDA4ACC558E8F5
 |   |   |- Guid:E71791B846CD174DD2020E90C87734D5 BaseClass: NativeClass:/Script/Engine.DecalActor Name:DecalActor_UAID_F079599279ED7D9401_1893737455 Label:DecalActor8 SpatiallyLoaded:1 Bounds:IsValid=true, Min=(X=8377.821 Y=-5123.084 Z=520.059), Max=(X=9104.179 Y=-4394.916 Z=525.941) RuntimeGrid:None EditorOnly:0 RuntimeOnly:0 HLODRelevant:0 FolderPath:Decals FolderGuid:1C857CE34857382A28CDA4ACC558E8F5
 |   |   |- Guid:E8CA2AF24DC4A67F50E2208158DCA392 BaseClass: NativeClass:/Script/Engine.TriggerVolume Name:TriggerVolume_UAID_F079599279ED7A9401_1623440941 Label:TriggerVolume2 SpatiallyLoaded:1 Bounds:IsValid=true, Min=(X=747.014 Y=-2759.109 Z=148.660), Max=(X=1078.986 Y=-2450.891 Z=301.340) RuntimeGrid:None EditorOnly:0 RuntimeOnly:0 HLODRelevant:0
 |   |   |- Guid:E94FF5944896F5A5298A12AD1BBDAD4A BaseClass: NativeClass:/Script/Engine.DecalActor Name:DecalActor_UAID_F079599279ED7C9401_1510541271 Label:DecalActor SpatiallyLoaded:1 Bounds:IsValid=true, Min=(X=4417.566 Y=-2128.073 Z=-323.941), Max=(X=4952.434 Y=-1633.927 Z=-318.059) RuntimeGrid:None EditorOnly:0 RuntimeOnly:0 HLODRelevant:0 FolderPath:Decals FolderGuid:1C857CE34857382A28CDA4ACC558E8F5
 |   |   |- Guid:E9F459B84A0149F7950866999A5B1EC4 BaseClass: NativeClass:/Script/Engine.StaticMeshActor Name:StaticMeshActor_UAID_F079599279ED789401_1075020578 Label:S_Fluorescent_Ceiling_Lamp_vgyidebaw_lod5_Var1 SpatiallyLoaded:1 Bounds:IsValid=true, Min=(X=1170.533 Y=-2246.671 Z=286.594), Max=(X=1295.589 Y=-2217.542 Z=306.164) RuntimeGrid:None EditorOnly:0 RuntimeOnly:0 HLODRelevant:1 FolderPath:Environment FolderGuid:6B795EB043F4C5B305A158ABE6022322
 |   |   |- Guid:EF66248A452A1488BDCB3A97A269E71B BaseClass: NativeClass:/Script/Engine.StaticMeshActor Name:StaticMeshActor_UAID_F079599279ED779401_2077807400 Label:S_Pile_Of_Chains_uc1ufamhx_lod5 SpatiallyLoaded:1 Bounds:IsValid=true, Min=(X=1194.847 Y=-2203.436 Z=99.785), Max=(X=1245.364 Y=-2153.699 Z=117.339) RuntimeGrid:None EditorOnly:0 RuntimeOnly:0 HLODRelevant:1 FolderPath:Environment FolderGuid:6B795EB043F4C5B305A158ABE6022322
 |   |   |- Guid:EFF7DEB3426F6A50123ACBBD1D44CAE5 BaseClass: NativeClass:/Script/Engine.DecalActor Name:DecalActor_UAID_F079599279ED7D9401_1851350450 Label:DecalActor3 SpatiallyLoaded:1 Bounds:IsValid=true, Min=(X=1504.653 Y=-3562.381 Z=95.059), Max=(X=2195.347 Y=-2855.619 Z=100.941) RuntimeGrid:None EditorOnly:0 RuntimeOnly:0 HLODRelevant:0 FolderPath:Decals FolderGuid:1C857CE34857382A28CDA4ACC558E8F5
 |   |   |- Guid:F440B4EC4DA2A61E6092CEA62DCF2576 BaseClass:/Game/BPD/BPD_OrcoEnemy.BPD_OrcoEnemy_C NativeClass:/Script/Arcade.CPP_OrcoEnemy Name:BPD_OrcoEnemy_C_UAID_F079599279ED789401_1471990580 Label:BPD_OrcoEnemy2 SpatiallyLoaded:1 Bounds:IsValid=true, Min=(X=-4878.119 Y=3545.881 Z=-6.386), Max=(X=-4389.881 Y=4034.119 Z=481.853) RuntimeGrid:None EditorOnly:0 RuntimeOnly:0 HLODRelevant:0 FolderPath:Characters FolderGuid:6D7275AF41F5E72E87E3EABDACB8857C
 |   |   |- Guid:FD68337746E418833AAFDDBA0262DA64 BaseClass: NativeClass:/Script/Engine.DecalActor Name:DecalActor_UAID_F079599279ED7D9401_1918874457 Label:DecalActor10 SpatiallyLoaded:1 Bounds:IsValid=true, Min=(X=9210.927 Y=3290.566 Z=97.059), Max=(X=9705.073 Y=3825.434 Z=102.941) RuntimeGrid:None EditorOnly:0 RuntimeOnly:0 HLODRelevant:0 FolderPath:Decals FolderGuid:1C857CE34857382A28CDA4ACC558E8F5
 |   |- [+] Clusters:
 |   |   |- [+] [  0]
 |   |   |   |- Guid:94B68C1848AC1B1B9105B6A982BEA144 BaseClass: NativeClass:/Script/Engine.StaticMeshActor Name:StaticMeshActor_UAID_F079599279ED779401_1986390398 Label:S_Ram_Leg_Bone_tiiiej1fa_lod4 SpatiallyLoaded:1 Bounds:IsValid=true, Min=(X=1490.981 Y=-2369.659 Z=99.805), Max=(X=1500.981 Y=-2332.411 Z=110.735) RuntimeGrid:None EditorOnly:0 RuntimeOnly:0 HLODRelevant:1 FolderPath:Environment FolderGuid:6B795EB043F4C5B305A158ABE6022322
 |   |   |- [+] [  1]
 |   |   |   |- Guid:EF66248A452A1488BDCB3A97A269E71B BaseClass: NativeClass:/Script/Engine.StaticMeshActor Name:StaticMeshActor_UAID_F079599279ED779401_2077807400 Label:S_Pile_Of_Chains_uc1ufamhx_lod5 SpatiallyLoaded:1 Bounds:IsValid=true, Min=(X=1194.847 Y=-2203.436 Z=99.785), Max=(X=1245.364 Y=-2153.699 Z=117.339) RuntimeGrid:None EditorOnly:0 RuntimeOnly:0 HLODRelevant:1 FolderPath:Environment FolderGuid:6B795EB043F4C5B305A158ABE6022322
 |   |   |- [+] [  2]
 |   |   |   |- Guid:83657FEF4248B3618EEB3C84A296A0D3 BaseClass: NativeClass:/Script/Engine.StaticMeshActor Name:StaticMeshActor_UAID_F079599279ED779401_2016869399 Label:S_Rusty_Metal_Shelf_vhtmaifaw_lod5_Var1 SpatiallyLoaded:1 Bounds:IsValid=true, Min=(X=745.227 Y=-2488.779 Z=100.101), Max=(X=816.962 Y=-2286.672 Z=279.830) RuntimeGrid:None EditorOnly:0 RuntimeOnly:0 HLODRelevant:0 FolderPath:Environment FolderGuid:6B795EB043F4C5B305A158ABE6022322
 |   |   |- [+] [  3]
 |   |   |   |- Guid:E8CA2AF24DC4A67F50E2208158DCA392 BaseClass: NativeClass:/Script/Engine.TriggerVolume Name:TriggerVolume_UAID_F079599279ED7A9401_1623440941 Label:TriggerVolume2 SpatiallyLoaded:1 Bounds:IsValid=true, Min=(X=747.014 Y=-2759.109 Z=148.660), Max=(X=1078.986 Y=-2450.891 Z=301.340) RuntimeGrid:None EditorOnly:0 RuntimeOnly:0 HLODRelevant:0
 |   |   |- [+] [  4]
 |   |   |   |- Guid:C25F18BF4161B701C160F6AA5AF2DCEE BaseClass: NativeClass:/Script/Engine.StaticMeshActor Name:StaticMeshActor_UAID_F079599279ED289401_2070567526 Label:S_Modular_Stained_Pillar_Kit_vlvnbdcdw_lod5_Var6 SpatiallyLoaded:1 Bounds:IsValid=true, Min=(X=694.916 Y=-1475.498 Z=101.993), Max=(X=772.962 Y=-1444.376 Z=152.009) RuntimeGrid:None EditorOnly:0 RuntimeOnly:0 HLODRelevant:1 FolderPath:Environment FolderGuid:6B795EB043F4C5B305A158ABE6022322
 |   |   |- [+] [  5]
 |   |   |   |- Guid:72F361A840A8668F95E3E995D5307805 BaseClass: NativeClass:/Script/Landscape.LandscapeStreamingProxy Name:LandscapeStreamingProxy_02Q0PU8XD0PAT714XZWDTCB5P_126_0_0_0 Label:LandscapeStreamingProxy_0_0_0 SpatiallyLoaded:1 Bounds:IsValid=true, Min=(X=-12600.000 Y=-12600.000 Z=-604.688), Max=(X=0.000 Y=0.000 Z=3027.344) RuntimeGrid:None EditorOnly:0 RuntimeOnly:0 HLODRelevant:1
 |   |   |- [+] [  6]
 |   |   |   |- Guid:02E5D2014AF969245EF8DCAA26195A2B BaseClass: NativeClass:/Script/Engine.DecalActor Name:DecalActor_UAID_F079599279ED7D9401_1911468456 Label:DecalActor9 SpatiallyLoaded:1 Bounds:IsValid=true, Min=(X=8703.948 Y=-1308.073 Z=7.360), Max=(X=9236.052 Y=-813.927 Z=130.640) RuntimeGrid:None EditorOnly:0 RuntimeOnly:0 HLODRelevant:0 FolderPath:Decals FolderGuid:1C857CE34857382A28CDA4ACC558E8F5
 |   |   |- [+] [  7]
 |   |   |   |- Guid:7A9064414DA08F3335F21AB8411CEE14 BaseClass: NativeClass:/Script/NavigationSystem.RecastNavMesh Name:RecastNavMesh_UAID_F079599279ED789401-Default Label:RecastNavMesh-Default SpatiallyLoaded:0 Bounds:IsValid=true, Min=(X=0.000 Y=0.000 Z=0.000), Max=(X=0.000 Y=0.000 Z=0.000) RuntimeGrid:None EditorOnly:0 RuntimeOnly:0 HLODRelevant:0
 |   |   |- [+] [  8]
 |   |   |   |- Guid:EFF7DEB3426F6A50123ACBBD1D44CAE5 BaseClass: NativeClass:/Script/Engine.DecalActor Name:DecalActor_UAID_F079599279ED7D9401_1851350450 Label:DecalActor3 SpatiallyLoaded:1 Bounds:IsValid=true, Min=(X=1504.653 Y=-3562.381 Z=95.059), Max=(X=2195.347 Y=-2855.619 Z=100.941) RuntimeGrid:None EditorOnly:0 RuntimeOnly:0 HLODRelevant:0 FolderPath:Decals FolderGuid:1C857CE34857382A28CDA4ACC558E8F5
 |   |   |- [+] [  9]
 |   |   |   |- Guid:E71791B846CD174DD2020E90C87734D5 BaseClass: NativeClass:/Script/Engine.DecalActor Name:DecalActor_UAID_F079599279ED7D9401_1893737455 Label:DecalActor8 SpatiallyLoaded:1 Bounds:IsValid=true, Min=(X=8377.821 Y=-5123.084 Z=520.059), Max=(X=9104.179 Y=-4394.916 Z=525.941) RuntimeGrid:None EditorOnly:0 RuntimeOnly:0 HLODRelevant:0 FolderPath:Decals FolderGuid:1C857CE34857382A28CDA4ACC558E8F5
 |   |   |- [+] [ 10]
 |   |   |   |- Guid:4CE85D1044CD11575C2C518ED06DE418 BaseClass: NativeClass:/Script/Engine.DecalActor Name:DecalActor_UAID_F079599279ED7D9401_1924087458 Label:DecalActor11 SpatiallyLoaded:1 Bounds:IsValid=true, Min=(X=3621.318 Y=4034.828 Z=96.059), Max=(X=4348.682 Y=4757.172 Z=101.941) RuntimeGrid:None EditorOnly:0 RuntimeOnly:0 HLODRelevant:0 FolderPath:Decals FolderGuid:1C857CE34857382A28CDA4ACC558E8F5
 |   |   |- [+] [ 11]
 |   |   |   |- Guid:17666E154259930CCA58E08320953F0E BaseClass:/Game/BPD/BPD_OrcoEnemy.BPD_OrcoEnemy_C NativeClass:/Script/Arcade.CPP_OrcoEnemy Name:BPD_OrcoEnemy_C_UAID_F079599279ED799401_1872443761 Label:BPD_OrcoEnemy5 SpatiallyLoaded:1 Bounds:IsValid=true, Min=(X=-9772.119 Y=8561.881 Z=112.614), Max=(X=-9283.881 Y=9050.119 Z=600.853) RuntimeGrid:None EditorOnly:0 RuntimeOnly:0 HLODRelevant:0 FolderPath:Characters FolderGuid:6D7275AF41F5E72E87E3EABDACB8857C
 |   |   |- [+] [ 12]
 |   |   |   |- Guid:D07A136A445492808E9C2D875E20B742 BaseClass: NativeClass:/Script/Engine.DecalActor Name:DecalActor_UAID_F079599279ED7D9401_1864187451 Label:DecalActor4 SpatiallyLoaded:1 Bounds:IsValid=true, Min=(X=1463.927 Y=-5898.434 Z=99.059), Max=(X=1958.073 Y=-5363.566 Z=104.941) RuntimeGrid:None EditorOnly:0 RuntimeOnly:0 HLODRelevant:0 FolderPath:Decals FolderGuid:1C857CE34857382A28CDA4ACC558E8F5
 |   |   |- [+] [ 13]
 |   |   |   |- Guid:97C21A8E42DF62D6D8FF57A5CE4F1534 BaseClass: NativeClass:/Script/Engine.DecalActor Name:DecalActor_UAID_F079599279ED7D9401_1875451453 Label:DecalActor6 SpatiallyLoaded:1 Bounds:IsValid=true, Min=(X=1099.566 Y=-8956.073 Z=99.110), Max=(X=1634.434 Y=-8461.927 Z=130.890) RuntimeGrid:None EditorOnly:0 RuntimeOnly:0 HLODRelevant:0 FolderPath:Decals FolderGuid:1C857CE34857382A28CDA4ACC558E8F5
 |   |   |- [+] [ 14]
 |   |   |   |- Guid:D99634D148814586B6F160B82F5D5A31 BaseClass: NativeClass:/Script/Engine.StaticMeshActor Name:StaticMeshActor_UAID_F079599279ED289401_1216462489 Label:S_Beach_Cliff_wdqiedw_lod3_Var1 SpatiallyLoaded:1 Bounds:IsValid=true, Min=(X=2146.894 Y=-2794.953 Z=-116.604), Max=(X=3647.741 Y=193.452 Z=836.601) RuntimeGrid:None EditorOnly:0 RuntimeOnly:0 HLODRelevant:1 FolderPath:Environment FolderGuid:6B795EB043F4C5B305A158ABE6022322
 |   |   |- [+] [ 15]
 |   |   |   |- Guid:E9F459B84A0149F7950866999A5B1EC4 BaseClass: NativeClass:/Script/Engine.StaticMeshActor Name:StaticMeshActor_UAID_F079599279ED789401_1075020578 Label:S_Fluorescent_Ceiling_Lamp_vgyidebaw_lod5_Var1 SpatiallyLoaded:1 Bounds:IsValid=true, Min=(X=1170.533 Y=-2246.671 Z=286.594), Max=(X=1295.589 Y=-2217.542 Z=306.164) RuntimeGrid:None EditorOnly:0 RuntimeOnly:0 HLODRelevant:1 FolderPath:Environment FolderGuid:6B795EB043F4C5B305A158ABE6022322
 |   |   |- [+] [ 16]
 |   |   |   |- Guid:E562E6BC4CFD26E457F0E49464199492 BaseClass: NativeClass:/Script/Engine.DecalActor Name:DecalActor_UAID_F079599279ED7D9401_1887682454 Label:DecalActor7 SpatiallyLoaded:1 Bounds:IsValid=true, Min=(X=9273.750 Y=-9573.319 Z=309.657), Max=(X=9942.250 Y=-8966.681 Z=718.343) RuntimeGrid:None EditorOnly:0 RuntimeOnly:0 HLODRelevant:0 FolderPath:Decals FolderGuid:1C857CE34857382A28CDA4ACC558E8F5
 |   |   |- [+] [ 17]
 |   |   |   |- Guid:71AE1BE74E963F459BAC77BE15FE7E84 BaseClass:/Game/BPD/BPD_OrcoEnemy.BPD_OrcoEnemy_C NativeClass:/Script/Arcade.CPP_OrcoEnemy Name:BPD_OrcoEnemy_C_UAID_F079599279ED789401_1481151581 Label:BPD_OrcoEnemy3 SpatiallyLoaded:1 Bounds:IsValid=true, Min=(X=4259.881 Y=-2132.119 Z=-458.386), Max=(X=4748.119 Y=-1643.881 Z=29.853) RuntimeGrid:None EditorOnly:0 RuntimeOnly:0 HLODRelevant:0 FolderPath:Characters FolderGuid:6D7275AF41F5E72E87E3EABDACB8857C
 |   |   |- [+] [ 18]
 |   |   |   |- Guid:2F5B4F3544BA35D573B19BAA1C92AD9C BaseClass:/Game/BPD/BPD_OrcoEnemy.BPD_OrcoEnemy_C NativeClass:/Script/Arcade.CPP_OrcoEnemy Name:BPD_OrcoEnemy_C_UAID_F079599279ED799401_1893739762 Label:BPD_OrcoEnemy6 SpatiallyLoaded:1 Bounds:IsValid=true, Min=(X=-5685.119 Y=-6928.119 Z=-16.386), Max=(X=-5196.881 Y=-6439.881 Z=471.853) RuntimeGrid:None EditorOnly:0 RuntimeOnly:0 HLODRelevant:0 FolderPath:Characters FolderGuid:6D7275AF41F5E72E87E3EABDACB8857C
 |   |   |- [+] [ 19]
 |   |   |   |- Guid:CC23D90E4408370D28280191690FA5C7 BaseClass: NativeClass:/Script/Landscape.LandscapeStreamingProxy Name:LandscapeStreamingProxy_02Q0PU8XD0PAT714XZWDTCB5P_126_1_1_0 Label:LandscapeStreamingProxy_1_1_0 SpatiallyLoaded:1 Bounds:IsValid=true, Min=(X=0.000 Y=0.000 Z=25.781), Max=(X=12600.000 Y=12600.000 Z=1376.562) RuntimeGrid:None EditorOnly:0 RuntimeOnly:0 HLODRelevant:1
 |   |   |- [+] [ 20]
 |   |   |   |- Guid:4B09D464457789DE7FE92998B054AD4A BaseClass: NativeClass:/Script/Engine.StaticMeshActor Name:StaticMeshActor_UAID_F079599279ED289401_1227731490 Label:S_Dirty_Plastic_Drum_uiujbcxva_lod5_Var1 SpatiallyLoaded:1 Bounds:IsValid=true, Min=(X=463.634 Y=-1107.638 Z=99.503), Max=(X=519.477 Y=-1050.363 Z=189.581) RuntimeGrid:None EditorOnly:0 RuntimeOnly:0 HLODRelevant:0 FolderPath:Environment FolderGuid:6B795EB043F4C5B305A158ABE6022322
 |   |   |- [+] [ 21]
 |   |   |   |- Guid:82C08D974885D3EA22AD97BDD02E84BA BaseClass: NativeClass:/Script/Engine.SkyAtmosphere Name:SkyAtmosphere_UAID_F079599279ED049401_2000805156 Label:SkyAtmosphere SpatiallyLoaded:0 Bounds:IsValid=true, Min=(X=7990.000 Y=-1760.000 Z=7160.000), Max=(X=7990.000 Y=-1760.000 Z=7160.000) RuntimeGrid:None EditorOnly:0 RuntimeOnly:0 HLODRelevant:0 FolderPath:Lights FolderGuid:3B20225D40C964C248287BA0109E9256
 |   |   |- [+] [ 22]
 |   |   |   |- Guid:3B1A48EC4C8382C9DB8B1B9A37EA461B BaseClass: NativeClass:/Script/Engine.StaticMeshActor Name:StaticMeshActor_UAID_F079599279ED289401_2021398523 Label:S_Modular_Stained_Pillar_Kit_vlvnbdcdw_lod5_Var4 SpatiallyLoaded:1 Bounds:IsValid=true, Min=(X=610.916 Y=-1485.498 Z=99.993), Max=(X=688.962 Y=-1454.376 Z=150.009) RuntimeGrid:None EditorOnly:0 RuntimeOnly:0 HLODRelevant:1 FolderPath:Environment FolderGuid:6B795EB043F4C5B305A158ABE6022322
 |   |   |- [+] [ 23]
 |   |   |   |- Guid:2BE01B1F426EBDBF31830EA7242B636E BaseClass: NativeClass:/Script/Engine.TriggerVolume Name:TriggerVolume_UAID_F079599279ED759401_1625842041 Label:TriggerVolume SpatiallyLoaded:1 Bounds:IsValid=true, Min=(X=3679.693 Y=-2040.021 Z=-294.897), Max=(X=4330.307 Y=-1481.979 Z=136.897) RuntimeGrid:None EditorOnly:0 RuntimeOnly:0 HLODRelevant:0
 |   |   |- [+] [ 24]
 |   |   |   |- Guid:13AC7E694B063C84AE6964ACF186B2C6 BaseClass: NativeClass:/Script/Engine.StaticMeshActor Name:StaticMeshActor_UAID_F079599279ED289401_1315643509 Label:S_Snow_Embankment_uhvjae0fa_lod3_Var1 SpatiallyLoaded:1 Bounds:IsValid=true, Min=(X=965.678 Y=-4949.996 Z=97.826), Max=(X=2490.064 Y=-3855.504 Z=160.627) RuntimeGrid:None EditorOnly:0 RuntimeOnly:0 HLODRelevant:1 FolderPath:Environment FolderGuid:6B795EB043F4C5B305A158ABE6022322
 |   |   |- [+] [ 25]
 |   |   |   |- Guid:C35BB47447E9987C4535449920D0EEEC BaseClass: NativeClass:/Script/Landscape.LandscapeStreamingProxy Name:LandscapeStreamingProxy_02Q0PU8XD0PAT714XZWDTCB5P_126_0_1_0 Label:LandscapeStreamingProxy_0_1_0 SpatiallyLoaded:1 Bounds:IsValid=true, Min=(X=-12600.000 Y=0.000 Z=-86.719), Max=(X=0.000 Y=12600.000 Z=2279.688) RuntimeGrid:None EditorOnly:0 RuntimeOnly:0 HLODRelevant:1
 |   |   |- [+] [ 26]
 |   |   |   |- Guid:6972DF414C2D1849806F7B9B45F29247 BaseClass: NativeClass:/Script/Engine.StaticMeshActor Name:StaticMeshActor_UAID_F079599279ED779401_1964359397 Label:S_Animal_Skull_vikjeeraa_lod3_Var1 SpatiallyLoaded:1 Bounds:IsValid=true, Min=(X=1416.348 Y=-2350.161 Z=99.265), Max=(X=1441.253 Y=-2302.253 Z=121.552) RuntimeGrid:None EditorOnly:0 RuntimeOnly:0 HLODRelevant:1 FolderPath:Environment FolderGuid:6B795EB043F4C5B305A158ABE6022322
 |   |   |- [+] [ 27]
 |   |   |   |- Guid:A41FA4DD4E1378916DCCB78F99A9786A BaseClass:/Game/BPD/BPD_OrcoEnemy.BPD_OrcoEnemy_C NativeClass:/Script/Arcade.CPP_OrcoEnemy Name:BPD_OrcoEnemy_C_UAID_F079599279ED789401_1463094579 Label:BPD_OrcoEnemy SpatiallyLoaded:1 Bounds:IsValid=true, Min=(X=1505.881 Y=-721.119 Z=-35.386), Max=(X=1994.119 Y=-232.881 Z=452.853) RuntimeGrid:None EditorOnly:0 RuntimeOnly:0 HLODRelevant:0 FolderPath:Characters FolderGuid:6D7275AF41F5E72E87E3EABDACB8857C
 |   |   |- [+] [ 28]
 |   |   |   |- Guid:1017254E489C16FA95FBF0AA8C78D757 BaseClass: NativeClass:/Script/Engine.SkyLight Name:SkyLight_UAID_F079599279ED059401_1224039333 Label:SkyLight SpatiallyLoaded:0 Bounds:IsValid=true, Min=(X=990.000 Y=280.000 Z=570.000), Max=(X=990.000 Y=280.000 Z=570.000) RuntimeGrid:None EditorOnly:0 RuntimeOnly:0 HLODRelevant:0 FolderPath:Lights FolderGuid:3B20225D40C964C248287BA0109E9256
 |   |   |- [+] [ 29]
 |   |   |   |- Guid:DF82AA8F440BB5932C9CD2A550508074 BaseClass: NativeClass:/Script/Engine.DirectionalLight Name:DirectionalLight_UAID_F079599279ED039401_1769924977 Label:DirectionalLight SpatiallyLoaded:0 Bounds:IsValid=true, Min=(X=-4398046511104.000 Y=-4398046511104.000 Z=-4398046511104.000), Max=(X=4398046511104.000 Y=4398046511104.000 Z=4398046511104.000) RuntimeGrid:None EditorOnly:0 RuntimeOnly:0 HLODRelevant:0 FolderPath:Lights FolderGuid:3B20225D40C964C248287BA0109E9256
 |   |   |- [+] [ 30]
 |   |   |   |- Guid:94F6406548D15976A2897FAFEE514E9C BaseClass: NativeClass:/Script/Engine.StaticMeshActor Name:StaticMeshActor_UAID_F079599279ED289401_2041952525 Label:S_Modular_Stained_Pillar_Kit_vlvnbdcdw_lod5_Var5 SpatiallyLoaded:1 Bounds:IsValid=true, Min=(X=608.340 Y=-1502.963 Z=151.993), Max=(X=691.491 Y=-1436.988 Z=202.009) RuntimeGrid:None EditorOnly:0 RuntimeOnly:0 HLODRelevant:1 FolderPath:Environment FolderGuid:6B795EB043F4C5B305A158ABE6022322
 |   |   |- [+] [ 31]
 |   |   |   |- Guid:D0E246194BA093B324E972B46DC634BF BaseClass: NativeClass:/Script/Engine.StaticMeshActor Name:StaticMeshActor_UAID_F079599279ED289401_1318593510 Label:S_Snowy_Stump_vctgcj2fa_lod3_Var1 SpatiallyLoaded:1 Bounds:IsValid=true, Min=(X=1258.873 Y=-930.671 Z=99.250), Max=(X=1320.117 Y=-869.214 Z=264.197) RuntimeGrid:None EditorOnly:0 RuntimeOnly:0 HLODRelevant:0 FolderPath:Environment FolderGuid:6B795EB043F4C5B305A158ABE6022322
 |   |   |- [+] [ 32]
 |   |   |   |- Guid:523355D348DDBE82B186B1B2335E3139 BaseClass: NativeClass:/Script/Landscape.Landscape Name:Landscape_UAID_F079599279ED039401_1735382975 Label:Landscape SpatiallyLoaded:0 Bounds:IsValid=true, Min=(X=-12600.000 Y=-12600.000 Z=100.000), Max=(X=-12600.000 Y=-12600.000 Z=100.000) RuntimeGrid:None EditorOnly:0 RuntimeOnly:0 HLODRelevant:0
 |   |   |- [+] [ 33]
 |   |   |   |- Guid:8681252B4B84D0F9B8C68FA2F9B7B9F2 BaseClass:/Game/BPD/BPD_OrcoEnemy.BPD_OrcoEnemy_C NativeClass:/Script/Arcade.CPP_OrcoEnemy Name:BPD_OrcoEnemy_C_UAID_F079599279ED789401_1486481582 Label:BPD_OrcoEnemy4 SpatiallyLoaded:1 Bounds:IsValid=true, Min=(X=7296.143 Y=5698.802 Z=47.042), Max=(X=7784.382 Y=6187.040 Z=535.281) RuntimeGrid:None EditorOnly:0 RuntimeOnly:0 HLODRelevant:0 FolderPath:Characters FolderGuid:6D7275AF41F5E72E87E3EABDACB8857C
 |   |   |- [+] [ 34]
 |   |   |   |- Guid:9B7031E147BB7156F999869D8405DC1A BaseClass: NativeClass:/Script/Engine.PointLight Name:PointLight_UAID_F079599279ED779401_1916811396 Label:PointLight SpatiallyLoaded:1 Bounds:IsValid=true, Min=(X=224.797 Y=-3236.993 Z=-733.848), Max=(X=2224.797 Y=-1236.993 Z=1266.152) RuntimeGrid:None EditorOnly:0 RuntimeOnly:0 HLODRelevant:0 FolderPath:Lights FolderGuid:3B20225D40C964C248287BA0109E9256
 |   |   |- [+] [ 35]
 |   |   |   |- Guid:BF28FB5741437761AFFA5685EF5E240C BaseClass:/Game/BP/BP_Target.BP_Target_C NativeClass:/Script/Engine.StaticMeshActor Name:BP_Target_C_UAID_F079599279ED7B9401_1292616118 Label:BP_Target SpatiallyLoaded:1 Bounds:IsValid=true, Min=(X=2319.000 Y=-1718.791 Z=249.000), Max=(X=2369.000 Y=-1571.209 Z=440.940) RuntimeGrid:None EditorOnly:0 RuntimeOnly:0 HLODRelevant:0 FolderPath:Targets FolderGuid:304CE1DC4D77B64E1CCBE684807C8660
 |   |   |- [+] [ 36]
 |   |   |   |- Guid:423CCA47450190A5DA7096A437826345 BaseClass:/Game/BP/BP_OpendDoor.BP_OpendDoor_C NativeClass:/Script/Engine.StaticMeshActor Name:BP_OpendDoor_C_UAID_F079599279ED749401_1894841864 Label:BP_OpendDoor SpatiallyLoaded:1 Bounds:IsValid=true, Min=(X=900.289 Y=-2003.000 Z=184.000), Max=(X=1019.711 Y=-1953.000 Z=302.621) RuntimeGrid:None EditorOnly:0 RuntimeOnly:0 HLODRelevant:0 FolderPath:Targets FolderGuid:304CE1DC4D77B64E1CCBE684807C8660
 |   |   |- [+] [ 37]
 |   |   |   |- Guid:7747EA064F5DBCAFD8F6B3BBC3AD9EB9 BaseClass: NativeClass:/Script/Engine.StaticMeshActor Name:StaticMeshActor_UAID_F079599279ED289401_1281368501 Label:Door SpatiallyLoaded:1 Bounds:IsValid=true, Min=(X=939.982 Y=-2528.652 Z=99.574), Max=(X=1039.987 Y=-2511.952 Z=300.014) RuntimeGrid:None EditorOnly:0 RuntimeOnly:0 HLODRelevant:0 FolderPath:Cabin FolderGuid:1BAF41F44961ACDB6311D3930F1B4EDA
 |   |   |- [+] [ 38]
 |   |   |   |- Guid:CF1DF0AA4CAE8D02BA2982A20496CD76 BaseClass: NativeClass:/Script/Engine.ExponentialHeightFog Name:ExponentialHeightFog_UAID_F079599279ED7A9401_1429905939 Label:ExponentialHeightFog SpatiallyLoaded:0 Bounds:IsValid=true, Min=(X=585.000 Y=-6963.000 Z=100.000), Max=(X=585.000 Y=-6963.000 Z=100.000) RuntimeGrid:None EditorOnly:0 RuntimeOnly:0 HLODRelevant:0 FolderPath:Lights FolderGuid:3B20225D40C964C248287BA0109E9256
 |   |   |- [+] [ 39]
 |   |   |   |- Guid:A4984CEF45BE73DBC371CE897BA5B43C BaseClass: NativeClass:/Script/Engine.StaticMeshActor Name:StaticMeshActor_UAID_F079599279ED289401_1284708502 Label:S_Medieval_Modular_Door_ueoqceudw_lod3_Var1 SpatiallyLoaded:1 Bounds:IsValid=true, Min=(X=3699.318 Y=-2152.586 Z=-339.479), Max=(X=3720.737 Y=-1396.290 Z=50.692) RuntimeGrid:None EditorOnly:0 RuntimeOnly:0 HLODRelevant:1 FolderPath:Environment FolderGuid:6B795EB043F4C5B305A158ABE6022322
 |   |   |- [+] [ 40]
 |   |   |   |- Guid:E94FF5944896F5A5298A12AD1BBDAD4A BaseClass: NativeClass:/Script/Engine.DecalActor Name:DecalActor_UAID_F079599279ED7C9401_1510541271 Label:DecalActor SpatiallyLoaded:1 Bounds:IsValid=true, Min=(X=4417.566 Y=-2128.073 Z=-323.941), Max=(X=4952.434 Y=-1633.927 Z=-318.059) RuntimeGrid:None EditorOnly:0 RuntimeOnly:0 HLODRelevant:0 FolderPath:Decals FolderGuid:1C857CE34857382A28CDA4ACC558E8F5
 |   |   |- [+] [ 41]
 |   |   |   |- Guid:793313124F2F660B8E6474B6DF221678 BaseClass: NativeClass:/Script/Engine.DecalActor Name:DecalActor_UAID_F079599279ED7D9401_1964139459 Label:DecalActor12 SpatiallyLoaded:1 Bounds:IsValid=true, Min=(X=1474.828 Y=807.318 Z=98.059), Max=(X=2197.172 Y=1534.682 Z=103.941) RuntimeGrid:None EditorOnly:0 RuntimeOnly:0 HLODRelevant:0 FolderPath:Decals FolderGuid:1C857CE34857382A28CDA4ACC558E8F5
 |   |   |- [+] [ 42]
 |   |   |   |- Guid:F440B4EC4DA2A61E6092CEA62DCF2576 BaseClass:/Game/BPD/BPD_OrcoEnemy.BPD_OrcoEnemy_C NativeClass:/Script/Arcade.CPP_OrcoEnemy Name:BPD_OrcoEnemy_C_UAID_F079599279ED789401_1471990580 Label:BPD_OrcoEnemy2 SpatiallyLoaded:1 Bounds:IsValid=true, Min=(X=-4878.119 Y=3545.881 Z=-6.386), Max=(X=-4389.881 Y=4034.119 Z=481.853) RuntimeGrid:None EditorOnly:0 RuntimeOnly:0 HLODRelevant:0 FolderPath:Characters FolderGuid:6D7275AF41F5E72E87E3EABDACB8857C
 |   |   |- [+] [ 43]
 |   |   |   |- Guid:E3B798884EC901ABB4C3148C2D411D16 BaseClass: NativeClass:/Script/Engine.DecalActor Name:DecalActor_UAID_F079599279ED7D9401_1827296449 Label:DecalActor2 SpatiallyLoaded:1 Bounds:IsValid=true, Min=(X=661.927 Y=-1338.434 Z=99.059), Max=(X=1156.073 Y=-803.566 Z=104.941) RuntimeGrid:None EditorOnly:0 RuntimeOnly:0 HLODRelevant:0 FolderPath:Decals FolderGuid:1C857CE34857382A28CDA4ACC558E8F5
 |   |   |- [+] [ 44]
 |   |   |   |- Guid:1B7F7B2541C67F29749030A4C42BA131 BaseClass: NativeClass:/Script/Engine.LightmassImportanceVolume Name:LightmassImportanceVolume_UAID_9C5C8E95654EB09401_1782871486 Label:LightmassImportanceVolume SpatiallyLoaded:1 Bounds:IsValid=true, Min=(X=563.000 Y=-2727.001 Z=78.000), Max=(X=1557.000 Y=-1516.999 Z=612.000) RuntimeGrid:None EditorOnly:0 RuntimeOnly:0 HLODRelevant:0 FolderPath:Lights FolderGuid:3B20225D40C964C248287BA0109E9256
 |   |   |- [+] [ 45]
 |   |   |   |- Guid:FD68337746E418833AAFDDBA0262DA64 BaseClass: NativeClass:/Script/Engine.DecalActor Name:DecalActor_UAID_F079599279ED7D9401_1918874457 Label:DecalActor10 SpatiallyLoaded:1 Bounds:IsValid=true, Min=(X=9210.927 Y=3290.566 Z=97.059), Max=(X=9705.073 Y=3825.434 Z=102.941) RuntimeGrid:None EditorOnly:0 RuntimeOnly:0 HLODRelevant:0 FolderPath:Decals FolderGuid:1C857CE34857382A28CDA4ACC558E8F5
 |   |   |- [+] [ 46]
 |   |   |   |- Guid:68D32243491492F9211685BE7A27FD85 BaseClass: NativeClass:/Script/Landscape.LandscapeStreamingProxy Name:LandscapeStreamingProxy_02Q0PU8XD0PAT714XZWDTCB5P_126_1_0_0 Label:LandscapeStreamingProxy_1_0_0 SpatiallyLoaded:1 Bounds:IsValid=true, Min=(X=0.000 Y=-12600.000 Z=-351.562), Max=(X=12600.000 Y=0.000 Z=2114.062) RuntimeGrid:None EditorOnly:0 RuntimeOnly:0 HLODRelevant:1 FolderPath:Casa FolderGuid:1BAF41F44961ACDB6311D3930F1B4EDA
 |   |   |- [+] [ 47]
 |   |   |   |- Guid:A4BBB0FC4DD4296DF15BB38CC7473791 BaseClass: NativeClass:/Script/NavigationSystem.NavMeshBoundsVolume Name:NavMeshBoundsVolume_UAID_F079599279ED789401_1921793584 Label:NavMeshBoundsVolume SpatiallyLoaded:0 Bounds:IsValid=true, Min=(X=-12598.254 Y=-15469.031 Z=-575.001), Max=(X=12506.254 Y=12297.031 Z=1631.001) RuntimeGrid:None EditorOnly:0 RuntimeOnly:0 HLODRelevant:0
 |   |   |- [+] [ 48]
 |   |   |   |- Guid:BA01C3D64029B738E729CA9CA33E5D3E BaseClass: NativeClass:/Script/Engine.WorldDataLayers Name:WorldDataLayers Label:WorldDataLayers SpatiallyLoaded:0 Bounds:IsValid=true, Min=(X=0.000 Y=0.000 Z=0.000), Max=(X=0.000 Y=0.000 Z=0.000) RuntimeGrid:None EditorOnly:0 RuntimeOnly:0 HLODRelevant:0
 |   |   |- [+] [ 49]
 |   |   |   |- Guid:B1CBBA324F18D87E8BEE78BA58314691 BaseClass: NativeClass:/Script/Engine.PlayerStart Name:PlayerStart_UAID_F079599279ED2E9401_1788110543 Label:PlayerStart SpatiallyLoaded:0 Bounds:IsValid=true, Min=(X=843.740 Y=-78.245 Z=148.938), Max=(X=923.740 Y=1.755 Z=332.938) RuntimeGrid:None EditorOnly:0 RuntimeOnly:0 HLODRelevant:0
 |   |   |- [+] [ 50]
 |   |   |   |- Guid:3EB24B0B4F70204C2FC0979A2A5CD0FF BaseClass: NativeClass:/Script/Engine.SpotLight Name:SpotLight_UAID_F079599279ED779401_1879807395 Label:SpotLight SpatiallyLoaded:1 Bounds:IsValid=true, Min=(X=222.918 Y=-2662.082 Z=-1125.164), Max=(X=1613.082 Y=-1271.918 Z=265.000) RuntimeGrid:None EditorOnly:0 RuntimeOnly:0 HLODRelevant:0 FolderPath:Lights FolderGuid:3B20225D40C964C248287BA0109E9256
 |- [+] Container: /Game/Maps/Cabin
 |   |- [+] ActorDescs:
 |   |   |- Guid:02D57C8F4B1F1A64E6572BB742ABE0E6 BaseClass: NativeClass:/Script/Engine.StaticMeshActor Name:StaticMeshActor_UAID_9C5C8E95654EA79401_1319011896 Label:S_Modular_Wooden_Roof_wkupbctdw_lod3_Var22 SpatiallyLoaded:1 Bounds:IsValid=true, Min=(X=-875.747 Y=-430.136 Z=259.224), Max=(X=-705.747 Y=-280.136 Z=266.120) RuntimeGrid:None EditorOnly:0 RuntimeOnly:0 HLODRelevant:1
 |   |   |- Guid:0A4F14F84EF49337CCE413A2D7587F36 BaseClass: NativeClass:/Script/Engine.StaticMeshActor Name:StaticMeshActor_UAID_9C5C8E95654EA79401_1318971861 Label:S_Modular_Stained_Pillar_Kit_vlvnbdcdw_lod5_Var21 SpatiallyLoaded:1 Bounds:IsValid=true, Min=(X=-709.712 Y=-499.483 Z=57.019), Max=(X=-677.275 Y=-420.173 Z=307.370) RuntimeGrid:None EditorOnly:0 RuntimeOnly:0 HLODRelevant:1
 |   |   |- Guid:0AB7F9134EC1208919C47D959BDA7417 BaseClass: NativeClass:/Script/Engine.StaticMeshActor Name:StaticMeshActor_UAID_9C5C8E95654EA79401_1318995882 Label:S_Medieval_Modular_Wall_ueopfbzdw_lod3_Var1 SpatiallyLoaded:1 Bounds:IsValid=true, Min=(X=-1437.754 Y=-434.674 Z=57.335), Max=(X=-1237.753 Y=-414.019 Z=257.386) RuntimeGrid:None EditorOnly:0 RuntimeOnly:0 HLODRelevant:1
 |   |   |- Guid:0E35A5EA4157A3140B07F89FD0FE9C55 BaseClass: NativeClass:/Script/Engine.StaticMeshActor Name:StaticMeshActor_UAID_9C5C8E95654EA79401_1319013898 Label:S_Modular_Wooden_Roof_wkupbctdw_lod3_Var17 SpatiallyLoaded:1 Bounds:IsValid=true, Min=(X=-1089.747 Y=117.836 Z=259.224), Max=(X=-919.747 Y=333.864 Z=266.120) RuntimeGrid:None EditorOnly:0 RuntimeOnly:0 HLODRelevant:1
 |   |   |- Guid:1245E1DD4FB2D42E97F2BDACBCE60D6B BaseClass: NativeClass:/Script/Engine.StaticMeshActor Name:StaticMeshActor_UAID_9C5C8E95654EA79401_1318965856 Label:S_Modular_Wooden_Roof_wkupbctdw_lod3_Var6 SpatiallyLoaded:1 Bounds:IsValid=true, Min=(X=-1428.994 Y=148.864 Z=258.224), Max=(X=-1221.666 Y=298.864 Z=265.120) RuntimeGrid:None EditorOnly:0 RuntimeOnly:0 HLODRelevant:1
 |   |   |- Guid:13DEC4C94C39B3CB0670CBA02CD827C0 BaseClass: NativeClass:/Script/Engine.StaticMeshActor Name:StaticMeshActor_UAID_9C5C8E95654EA79401_1319010895 Label:S_Modular_Stained_Pillar_Kit_vlvnbdcdw_lod5_Var23 SpatiallyLoaded:1 Bounds:IsValid=true, Min=(X=-722.712 Y=-152.483 Z=57.077), Max=(X=-690.275 Y=-73.173 Z=263.558) RuntimeGrid:None EditorOnly:0 RuntimeOnly:0 HLODRelevant:1
 |   |   |- Guid:14A569204F04F3D432BF4FB1EA2DF8DE BaseClass: NativeClass:/Script/Engine.StaticMeshActor Name:StaticMeshActor_UAID_9C5C8E95654EA79401_1318994881 Label:S_Modular_Stained_Pillar_Kit_vl3nferdw_lod5_Var6 SpatiallyLoaded:1 Bounds:IsValid=true, Min=(X=-997.040 Y=-470.164 Z=116.347), Max=(X=-914.947 Y=-428.264 Z=175.064) RuntimeGrid:None EditorOnly:0 RuntimeOnly:0 HLODRelevant:1
 |   |   |- Guid:171E81A3447AF594B31C13A1D4385562 BaseClass: NativeClass:/Script/Engine.StaticMeshActor Name:StaticMeshActor_UAID_9C5C8E95654EA79401_1318958850 Label:S_Modular_Wooden_Roof_wkupbctdw_lod3_Var29 SpatiallyLoaded:1 Bounds:IsValid=true, Min=(X=-777.208 Y=-498.662 Z=259.741), Max=(X=-623.888 Y=-281.498 Z=344.405) RuntimeGrid:None EditorOnly:0 RuntimeOnly:0 HLODRelevant:1
 |   |   |- Guid:214EDB264EBF61E62D7455B932F066E6 BaseClass: NativeClass:/Script/Engine.StaticMeshActor Name:StaticMeshActor_UAID_9C5C8E95654EA79401_1318982871 Label:S_Modular_Stained_Pillar_Kit_vlvnbdcdw_lod5_Var18 SpatiallyLoaded:1 Bounds:IsValid=true, Min=(X=-1255.095 Y=-440.609 Z=57.088), Max=(X=-1175.784 Y=-408.171 Z=254.900) RuntimeGrid:None EditorOnly:0 RuntimeOnly:0 HLODRelevant:1
 |   |   |- Guid:2455A09F4A28AF21037199BF907EC80E BaseClass: NativeClass:/Script/Engine.StaticMeshActor Name:StaticMeshActor_UAID_9C5C8E95654EA79401_1318969859 Label:S_Medieval_Modular_Wall_ueoqca0dw_lod3_Var2 SpatiallyLoaded:1 Bounds:IsValid=true, Min=(X=-1014.956 Y=109.864 Z=64.310), Max=(X=-997.478 Y=309.864 Z=264.376) RuntimeGrid:None EditorOnly:0 RuntimeOnly:0 HLODRelevant:1
 |   |   |- Guid:276DA4F64A95EBEBEC38D9B9CF9B9DE8 BaseClass: NativeClass:/Script/Engine.StaticMeshActor Name:StaticMeshActor_UAID_9C5C8E95654EA79401_1318974863 Label:S_Old_Wooden_Door_uflvddofa_lod3_Var1 SpatiallyLoaded:1 Bounds:IsValid=true, Min=(X=-1509.725 Y=-750.131 Z=57.348), Max=(X=-1319.724 Y=-644.736 Z=79.035) RuntimeGrid:None EditorOnly:0 RuntimeOnly:0 HLODRelevant:0
 |   |   |- Guid:2793BD904DBC50B0FED2B48D609922AF BaseClass: NativeClass:/Script/Engine.StaticMeshActor Name:StaticMeshActor_UAID_9C5C8E95654EA79401_1318993880 Label:S_Modular_Stained_Pillar_Kit_vl3nferdw_lod5_Var1 SpatiallyLoaded:1 Bounds:IsValid=true, Min=(X=-1078.040 Y=-472.164 Z=57.347), Max=(X=-995.947 Y=-430.264 Z=116.064) RuntimeGrid:None EditorOnly:0 RuntimeOnly:0 HLODRelevant:1
 |   |   |- Guid:28E57B6B4CFB4CC8E0C5BFB2A34E7235 BaseClass: NativeClass:/Script/Engine.StaticMeshActor Name:StaticMeshActor_UAID_9C5C8E95654EA79401_1319003889 Label:S_Modular_Stained_Pillar_Kit_vl3nferdw_lod5_Var4 SpatiallyLoaded:1 Bounds:IsValid=true, Min=(X=-1077.040 Y=-471.164 Z=116.347), Max=(X=-994.947 Y=-429.264 Z=175.064) RuntimeGrid:None EditorOnly:0 RuntimeOnly:0 HLODRelevant:1
 |   |   |- Guid:314CF8E64B86A324C35AFB8129099D61 BaseClass: NativeClass:/Script/Engine.StaticMeshActor Name:StaticMeshActor_UAID_9C5C8E95654EA79401_1318951844 Label:S_Modular_Wooden_Roof_wkupbctdw_lod3_Var12 SpatiallyLoaded:1 Bounds:IsValid=true, Min=(X=-1258.747 Y=142.864 Z=259.224), Max=(X=-1088.747 Y=292.864 Z=266.120) RuntimeGrid:None EditorOnly:0 RuntimeOnly:0 HLODRelevant:1
 |   |   |- Guid:37AE4D7543D1BCB958B2D78552A9D005 BaseClass: NativeClass:/Script/Engine.StaticMeshActor Name:StaticMeshActor_UAID_9C5C8E95654EA79401_1318964855 Label:S_Modular_Wooden_Roof_wkupbctdw_lod3_Var10 SpatiallyLoaded:1 Bounds:IsValid=true, Min=(X=-1261.747 Y=-134.136 Z=259.224), Max=(X=-1091.747 Y=15.864 Z=266.120) RuntimeGrid:None EditorOnly:0 RuntimeOnly:0 HLODRelevant:1
 |   |   |- Guid:3EAD41574A3910334B1E1DBB144CF2FC BaseClass: NativeClass:/Script/Engine.StaticMeshActor Name:StaticMeshActor_UAID_9C5C8E95654EA79401_1318976865 Label:S_Modular_Wooden_Roof_wkupbctdw_lod3_Var28 SpatiallyLoaded:1 Bounds:IsValid=true, Min=(X=-931.428 Y=-501.526 Z=260.784), Max=(X=-778.109 Y=-284.362 Z=345.447) RuntimeGrid:None EditorOnly:0 RuntimeOnly:0 HLODRelevant:1
 |   |   |- Guid:4130C62F462A848502BA468B3CD8F196 BaseClass: NativeClass:/Script/Engine.StaticMeshActor Name:StaticMeshActor_UAID_9C5C8E95654EA79401_1318955847 Label:S_Modular_Wooden_Roof_wkupbctdw_lod3_Var24 SpatiallyLoaded:1 Bounds:IsValid=true, Min=(X=-1271.747 Y=165.414 Z=256.980), Max=(X=-1056.186 Y=483.864 Z=264.415) RuntimeGrid:None EditorOnly:0 RuntimeOnly:0 HLODRelevant:1
 |   |   |- Guid:4970456748E388C204C4809ABED3456D BaseClass: NativeClass:/Script/Engine.StaticMeshActor Name:StaticMeshActor_UAID_9C5C8E95654EA79401_1318989877 Label:S_Modular_Wooden_Roof_wkupbctdw_lod3_Var18 SpatiallyLoaded:1 Bounds:IsValid=true, Min=(X=-919.747 Y=-431.136 Z=259.224), Max=(X=-749.747 Y=-281.136 Z=266.120) RuntimeGrid:None EditorOnly:0 RuntimeOnly:0 HLODRelevant:1
 |   |   |- Guid:53B1922947320D775BAEF2B6E0F5517C BaseClass: NativeClass:/Script/Engine.StaticMeshActor Name:StaticMeshActor_UAID_9C5C8E95654EA79401_1319004890 Label:S_Modular_Wooden_Roof_wkupbctdw_lod3_Var20 SpatiallyLoaded:1 Bounds:IsValid=true, Min=(X=-920.747 Y=-133.136 Z=259.224), Max=(X=-750.747 Y=16.864 Z=266.120) RuntimeGrid:None EditorOnly:0 RuntimeOnly:0 HLODRelevant:1
 |   |   |- Guid:55C5D986421ECFBC7C5DBC907446BED5 BaseClass: NativeClass:/Script/Engine.StaticMeshActor Name:StaticMeshActor_UAID_9C5C8E95654EA79401_1319000887 Label:S_Modular_Wooden_Roof_wkupbctdw_lod3_Var7 SpatiallyLoaded:1 Bounds:IsValid=true, Min=(X=-1429.747 Y=182.864 Z=257.224), Max=(X=-1259.747 Y=332.864 Z=264.120) RuntimeGrid:None EditorOnly:0 RuntimeOnly:0 HLODRelevant:1
 |   |   |- Guid:591A2A064D1DB0CCE22D28A4B6A784F9 BaseClass: NativeClass:/Script/Engine.StaticMeshActor Name:StaticMeshActor_UAID_9C5C8E95654EA79401_1318956848 Label:S_Modular_Stained_Pillar_Kit_vlvnbdcdw_lod5_Var12 SpatiallyLoaded:1 Bounds:IsValid=true, Min=(X=-1031.712 Y=340.517 Z=57.078), Max=(X=-999.275 Y=419.827 Z=262.831) RuntimeGrid:None EditorOnly:0 RuntimeOnly:0 HLODRelevant:1
 |   |   |- Guid:60CC04AE40B3F9F493CE4EAA3CC630E9 BaseClass: NativeClass:/Script/Engine.StaticMeshActor Name:StaticMeshActor_UAID_9C5C8E95654EA79401_1318986874 Label:S_Modular_Stained_Pillar_Kit_vlvnbdcdw_lod5_Var17 SpatiallyLoaded:1 Bounds:IsValid=true, Min=(X=-764.095 Y=-75.609 Z=57.076), Max=(X=-684.784 Y=-43.171 Z=264.480) RuntimeGrid:None EditorOnly:0 RuntimeOnly:0 HLODRelevant:1
 |   |   |- Guid:7273F60148800A8A83BDB8AF5EF441AC BaseClass: NativeClass:/Script/Engine.StaticMeshActor Name:StaticMeshActor_UAID_9C5C8E95654EA79401_1318962853 Label:S_Modular_Wooden_Roof_wkupbctdw_lod3_Var4 SpatiallyLoaded:1 Bounds:IsValid=true, Min=(X=-1432.653 Y=-125.136 Z=253.224), Max=(X=-1225.325 Y=24.864 Z=260.120) RuntimeGrid:None EditorOnly:0 RuntimeOnly:0 HLODRelevant:1
 |   |   |- Guid:75BD97F54AB50BD28FF37FA024B65741 BaseClass: NativeClass:/Script/Engine.StaticMeshActor Name:StaticMeshActor_UAID_9C5C8E95654EA79401_1318987875 Label:S_Modular_Wooden_Roof_wkupbctdw_lod3_Var13 SpatiallyLoaded:1 Bounds:IsValid=true, Min=(X=-1090.747 Y=-432.136 Z=259.224), Max=(X=-920.747 Y=-282.136 Z=266.120) RuntimeGrid:None EditorOnly:0 RuntimeOnly:0 HLODRelevant:1
 |   |   |- Guid:799F3B8646B5755CE5B1BB9AE5F53E97 BaseClass: NativeClass:/Script/Engine.StaticMeshActor Name:StaticMeshActor_UAID_9C5C8E95654EA79401_1318991879 Label:S_Damaged_Concrete_Foundation_wl3mfb2dw_lod5_Var1 SpatiallyLoaded:1 Bounds:IsValid=true, Min=(X=-742.610 Y=-442.489 Z=65.511), Max=(X=-562.573 Y=-141.984 Z=299.837) RuntimeGrid:None EditorOnly:0 RuntimeOnly:0 HLODRelevant:1
 |   |   |- Guid:79F3FC65409C5AE62CFE9486B06BA013 BaseClass: NativeClass:/Script/Engine.StaticMeshActor Name:StaticMeshActor_UAID_9C5C8E95654EA79401_1319009894 Label:S_Modular_Wooden_Roof_wkupbctdw_lod3_Var3 SpatiallyLoaded:1 Bounds:IsValid=true, Min=(X=-1434.632 Y=-275.136 Z=255.224), Max=(X=-1227.357 Y=-125.136 Z=262.120) RuntimeGrid:None EditorOnly:0 RuntimeOnly:0 HLODRelevant:1
 |   |   |- Guid:7A0C1D1642C1AE926DC9918274CBEE31 BaseClass: NativeClass:/Script/Engine.StaticMeshActor Name:StaticMeshActor_UAID_9C5C8E95654EA79401_1318972862 Label:S_Modular_Stained_Pillar_Kit_vlvnbdcdw_lod5_Var10 SpatiallyLoaded:1 Bounds:IsValid=true, Min=(X=-1114.095 Y=466.391 Z=57.078), Max=(X=-1034.784 Y=498.829 Z=262.831) RuntimeGrid:None EditorOnly:0 RuntimeOnly:0 HLODRelevant:1
 |   |   |- Guid:7AD3D6834FA2114D907E77BF4DEE3887 BaseClass: NativeClass:/Script/Engine.StaticMeshActor Name:StaticMeshActor_UAID_9C5C8E95654EA79401_1319014899 Label:S_Modular_Stained_Pillar_Kit_vlvnbdcdw_lod5_Var15 SpatiallyLoaded:1 Bounds:IsValid=true, Min=(X=1477.288 Y=-216.469 Z=0.000), Max=(X=1509.725 Y=750.131 Z=79.310) RuntimeGrid:None EditorOnly:0 RuntimeOnly:0 HLODRelevant:1
 |   |   |- Guid:7D0D8A3D4301D68E9C3E1998F2204F26 BaseClass: NativeClass:/Script/Engine.StaticMeshActor Name:StaticMeshActor_UAID_9C5C8E95654EA79401_1318970860 Label:S_Modular_Stained_Pillar_Kit_vlvnbdcdw_lod5_Var14 SpatiallyLoaded:1 Bounds:IsValid=true, Min=(X=-1436.712 Y=336.517 Z=57.078), Max=(X=-1404.275 Y=415.827 Z=262.831) RuntimeGrid:None EditorOnly:0 RuntimeOnly:0 HLODRelevant:1
 |   |   |- Guid:81BA584E4094A70F8C453BADE728884F BaseClass: NativeClass:/Script/Engine.StaticMeshActor Name:StaticMeshActor_UAID_9C5C8E95654EA79401_1318968858 Label:S_Modular_Stained_Pillar_Kit_vlvnbdcdw_lod5_Var8 SpatiallyLoaded:1 Bounds:IsValid=true, Min=(X=-1375.095 Y=439.391 Z=57.078), Max=(X=-1295.784 Y=471.829 Z=262.831) RuntimeGrid:None EditorOnly:0 RuntimeOnly:0 HLODRelevant:1
 |   |   |- Guid:81BD8E5B400811CF801240A215835E30 BaseClass: NativeClass:/Script/Engine.StaticMeshActor Name:StaticMeshActor_UAID_9C5C8E95654EA79401_1318981870 Label:S_Modular_Wooden_Roof_wkupbctdw_lod3_Var27 SpatiallyLoaded:1 Bounds:IsValid=true, Min=(X=-1084.747 Y=-503.642 Z=259.425), Max=(X=-931.428 Y=-286.478 Z=344.089) RuntimeGrid:None EditorOnly:0 RuntimeOnly:0 HLODRelevant:1
 |   |   |- Guid:82095BD948426D8F5D83EAB1ED56C92E BaseClass: NativeClass:/Script/Engine.StaticMeshActor Name:StaticMeshActor_UAID_9C5C8E95654EA79401_1318978867 Label:S_Modular_Stained_Pillar_Kit_vlvnbdcdw_lod5_Var22 SpatiallyLoaded:1 Bounds:IsValid=true, Min=(X=-1030.712 Y=285.517 Z=57.078), Max=(X=-998.275 Y=364.827 Z=262.831) RuntimeGrid:None EditorOnly:0 RuntimeOnly:0 HLODRelevant:1
 |   |   |- Guid:85E2D2274EE470262F29429EEED9DEB4 BaseClass: NativeClass:/Script/Engine.StaticMeshActor Name:StaticMeshActor_UAID_9C5C8E95654EA79401_1318975864 Label:S_Modular_Wooden_Roof_wkupbctdw_lod3_Var25 SpatiallyLoaded:1 Bounds:IsValid=true, Min=(X=-1165.747 Y=329.864 Z=259.224), Max=(X=-995.747 Y=479.864 Z=266.120) RuntimeGrid:None EditorOnly:0 RuntimeOnly:0 HLODRelevant:1
 |   |   |- Guid:864D526D42BA068F233C5383C8FFE268 BaseClass: NativeClass:/Script/Engine.StaticMeshActor Name:StaticMeshActor_UAID_9C5C8E95654EA79401_1318948841 Label:S_Ice_Cliff_uhupbgxfa_lod3_Var1 SpatiallyLoaded:1 Bounds:IsValid=true, Min=(X=-1085.318 Y=-616.005 Z=54.619), Max=(X=-608.330 Y=-419.908 Z=562.760) RuntimeGrid:None EditorOnly:0 RuntimeOnly:0 HLODRelevant:1
 |   |   |- Guid:86907E5B4A29F98E093F3686C2424B9D BaseClass: NativeClass:/Script/Engine.StaticMeshActor Name:StaticMeshActor_UAID_9C5C8E95654EA79401_1318988876 Label:S_Modular_Wooden_Roof_wkupbctdw_lod3_Var14 SpatiallyLoaded:1 Bounds:IsValid=true, Min=(X=-1093.747 Y=-288.136 Z=259.224), Max=(X=-923.747 Y=-138.136 Z=266.120) RuntimeGrid:None EditorOnly:0 RuntimeOnly:0 HLODRelevant:1
 |   |   |- Guid:885BDE6A480AA71DC8BC24863EFF8A12 BaseClass: NativeClass:/Script/Engine.StaticMeshActor Name:StaticMeshActor_UAID_9C5C8E95654EA79401_1318977866 Label:S_Modular_Stained_Pillar_Kit_vlvnbdcdw_lod5_Var11 SpatiallyLoaded:1 Bounds:IsValid=true, Min=(X=-1032.712 Y=420.517 Z=57.078), Max=(X=-1000.275 Y=499.827 Z=262.831) RuntimeGrid:None EditorOnly:0 RuntimeOnly:0 HLODRelevant:1
 |   |   |- Guid:90FD794B4D7E99BF5BF393ACA539B801 BaseClass: NativeClass:/Script/Engine.StaticMeshActor Name:StaticMeshActor_UAID_9C5C8E95654EA79401_1318949842 Label:S_Medieval_Modular_Wall_ueoqca0dw_lod3_Var1 SpatiallyLoaded:1 Bounds:IsValid=true, Min=(X=-1320.747 Y=465.655 Z=57.310), Max=(X=-1120.747 Y=483.134 Z=257.376) RuntimeGrid:None EditorOnly:0 RuntimeOnly:0 HLODRelevant:1
 |   |   |- Guid:91A7A46C44A733C450FAE68936CB9111 BaseClass: NativeClass:/Script/Engine.StaticMeshActor Name:StaticMeshActor_UAID_9C5C8E95654EA79401_1318980869 Label:S_Modular_Wooden_Roof_wkupbctdw_lod3_Var23 SpatiallyLoaded:1 Bounds:IsValid=true, Min=(X=-1434.747 Y=333.864 Z=259.224), Max=(X=-1264.747 Y=483.864 Z=266.120) RuntimeGrid:None EditorOnly:0 RuntimeOnly:0 HLODRelevant:1
 |   |   |- Guid:96963AD24C4948AE6BB530BA8B5BD26A BaseClass: NativeClass:/Script/Engine.StaticMeshActor Name:StaticMeshActor_UAID_9C5C8E95654EA79401_1318998885 Label:S_Modular_Wooden_Roof_wkupbctdw_lod3_Var21 SpatiallyLoaded:1 Bounds:IsValid=true, Min=(X=-918.747 Y=10.864 Z=259.224), Max=(X=-748.747 Y=160.864 Z=266.120) RuntimeGrid:None EditorOnly:0 RuntimeOnly:0 HLODRelevant:1
 |   |   |- Guid:9D0067F34DA2EBE5E15230B91F3F1B66 BaseClass: NativeClass:/Script/Engine.StaticMeshActor Name:StaticMeshActor_UAID_9C5C8E95654EA79401_1318985873 Label:S_Modular_Wooden_Roof_wkupbctdw_lod3_Var19 SpatiallyLoaded:1 Bounds:IsValid=true, Min=(X=-922.747 Y=-284.136 Z=259.224), Max=(X=-752.747 Y=-134.136 Z=266.120) RuntimeGrid:None EditorOnly:0 RuntimeOnly:0 HLODRelevant:1
 |   |   |- Guid:A22943B94E439A9908C9629D942EB494 BaseClass: NativeClass:/Script/Engine.StaticMeshActor Name:StaticMeshActor_UAID_9C5C8E95654EA79401_1318990878 Label:S_Modular_Stained_Pillar_Kit_vlvnbdcdw_lod5_Var1 SpatiallyLoaded:1 Bounds:IsValid=true, Min=(X=-1403.095 Y=463.391 Z=57.078), Max=(X=-1323.784 Y=495.829 Z=262.831) RuntimeGrid:None EditorOnly:0 RuntimeOnly:0 HLODRelevant:1
 |   |   |- Guid:A41B3AD247B9282CF54CD5AB7A7E8B99 BaseClass: NativeClass:/Script/Engine.StaticMeshActor Name:StaticMeshActor_UAID_9C5C8E95654EA79401_1318945840 Label:S_Framed_Wooden_Window_vmgjfabdw_lod3 SpatiallyLoaded:1 Bounds:IsValid=true, Min=(X=-1002.904 Y=-77.372 Z=39.241), Max=(X=-842.404 Y=-45.882 Z=292.276) RuntimeGrid:None EditorOnly:0 RuntimeOnly:0 HLODRelevant:1
 |   |   |- Guid:A45889114DF8ADBCFF5BB6899FCA6EB7 BaseClass: NativeClass:/Script/Engine.StaticMeshActor Name:StaticMeshActor_UAID_9C5C8E95654EA79401_1318996883 Label:S_Modular_Wooden_Roof_wkupbctdw_lod3_Var5 SpatiallyLoaded:1 Bounds:IsValid=true, Min=(X=-1430.214 Y=14.864 Z=253.224), Max=(X=-1222.886 Y=164.864 Z=260.120) RuntimeGrid:None EditorOnly:0 RuntimeOnly:0 HLODRelevant:1
 |   |   |- Guid:AB2608564E3AB7DF26810BB79B96C1D5 BaseClass: NativeClass:/Script/Engine.StaticMeshActor Name:StaticMeshActor_UAID_9C5C8E95654EA79401_1319015900 Label:S_Modular_Stained_Pillar_Kit_vlvnbdcdw_lod5_Var13 SpatiallyLoaded:1 Bounds:IsValid=true, Min=(X=-1437.712 Y=417.517 Z=57.078), Max=(X=-1405.275 Y=496.827 Z=262.831) RuntimeGrid:None EditorOnly:0 RuntimeOnly:0 HLODRelevant:1
 |   |   |- Guid:ADAFD4E542A95B02B724409B4B4C7221 BaseClass: NativeClass:/Script/Engine.StaticMeshActor Name:StaticMeshActor_UAID_9C5C8E95654EA79401_1319006892 Label:S_Modular_Wooden_Roof_wkupbctdw_lod3_Var26 SpatiallyLoaded:1 Bounds:IsValid=true, Min=(X=-874.747 Y=-298.136 Z=259.224), Max=(X=-704.747 Y=-148.136 Z=266.120) RuntimeGrid:None EditorOnly:0 RuntimeOnly:0 HLODRelevant:1
 |   |   |- Guid:B54C717646A2C2C09B82C38AA2E2DDB2 BaseClass: NativeClass:/Script/Engine.StaticMeshActor Name:StaticMeshActor_UAID_9C5C8E95654EA79401_1318957849 Label:S_Medieval_Modular_Wall_ueoqbdhdw_lod3_Var2 SpatiallyLoaded:1 Bounds:IsValid=true, Min=(X=-1470.029 Y=-413.128 Z=57.274), Max=(X=-1420.498 Y=-213.081 Z=257.355) RuntimeGrid:None EditorOnly:0 RuntimeOnly:0 HLODRelevant:1
 |   |   |- Guid:BDDDA45540A4F224743DF6B0B7FC001A BaseClass: NativeClass:/Script/Engine.StaticMeshActor Name:StaticMeshActor_UAID_9C5C8E95654EA79401_1318950843 Label:S_Modular_Wooden_Roof_wkupbctdw_lod3_Var2 SpatiallyLoaded:1 Bounds:IsValid=true, Min=(X=-1430.974 Y=-427.136 Z=255.224), Max=(X=-1223.699 Y=-277.136 Z=262.120) RuntimeGrid:None EditorOnly:0 RuntimeOnly:0 HLODRelevant:1
 |   |   |- Guid:C0DFCE9D4524DFAE80F15B9949BF6B2F BaseClass: NativeClass:/Script/Engine.StaticMeshActor Name:StaticMeshActor_UAID_9C5C8E95654EA79401_1318984872 Label:S_Medieval_Modular_Wall_ueoqca0dw_lod3_Var3 SpatiallyLoaded:1 Bounds:IsValid=true, Min=(X=-1014.956 Y=-59.136 Z=64.310), Max=(X=-997.478 Y=140.864 Z=264.376) RuntimeGrid:None EditorOnly:0 RuntimeOnly:0 HLODRelevant:1
 |   |   |- Guid:C63771834A1BCED4FC436AB2C4E5963A BaseClass: NativeClass:/Script/Engine.StaticMeshActor Name:StaticMeshActor_UAID_9C5C8E95654EA79401_1319012897 Label:S_Modular_Stained_Pillar_Kit_vlvnbdcdw_lod5_Var19 SpatiallyLoaded:1 Bounds:IsValid=true, Min=(X=-752.712 Y=-153.483 Z=57.077), Max=(X=-720.275 Y=-74.173 Z=263.558) RuntimeGrid:None EditorOnly:0 RuntimeOnly:0 HLODRelevant:1
 |   |   |- Guid:D357B3F84BCE1FF02BE0D89A4CE0C114 BaseClass: NativeClass:/Script/Engine.StaticMeshActor Name:StaticMeshActor_UAID_9C5C8E95654EA79401_1318999886 Label:S_Modular_Stained_Pillar_Kit_vl3nferdw_lod5_Var5 SpatiallyLoaded:1 Bounds:IsValid=true, Min=(X=-998.040 Y=-471.164 Z=57.347), Max=(X=-915.947 Y=-429.264 Z=116.064) RuntimeGrid:None EditorOnly:0 RuntimeOnly:0 HLODRelevant:1
 |   |   |- Guid:D80A5F1149510B574C2FB7810AFEFF9E BaseClass: NativeClass:/Script/Engine.StaticMeshActor Name:StaticMeshActor_UAID_9C5C8E95654EA79401_1319005891 Label:S_Modular_Wooden_Roof_wkupbctdw_lod3_Var9 SpatiallyLoaded:1 Bounds:IsValid=true, Min=(X=-1263.747 Y=-284.136 Z=259.224), Max=(X=-1093.747 Y=-134.136 Z=266.120) RuntimeGrid:None EditorOnly:0 RuntimeOnly:0 HLODRelevant:1
 |   |   |- Guid:DB4F70124F75BC0962C87B8F7412696A BaseClass: NativeClass:/Script/Engine.StaticMeshActor Name:StaticMeshActor_UAID_9C5C8E95654EA79401_1318979868 Label:S_Modular_Stained_Pillar_Kit_vlvnbdcdw_lod5_Var9 SpatiallyLoaded:1 Bounds:IsValid=true, Min=(X=-1172.095 Y=440.391 Z=57.078), Max=(X=-1092.784 Y=472.829 Z=262.831) RuntimeGrid:None EditorOnly:0 RuntimeOnly:0 HLODRelevant:1
 |   |   |- Guid:E948D2154BE683DAE4931FB4AEC32FBC BaseClass: NativeClass:/Script/Engine.StaticMeshActor Name:StaticMeshActor_UAID_9C5C8E95654EA79401_1318954846 Label:S_Modular_Wooden_Roof_wkupbctdw_lod3_Var11 SpatiallyLoaded:1 Bounds:IsValid=true, Min=(X=-1259.747 Y=8.864 Z=259.224), Max=(X=-1089.747 Y=158.864 Z=266.120) RuntimeGrid:None EditorOnly:0 RuntimeOnly:0 HLODRelevant:1
 |   |   |- Guid:EAD1D69F44F2E786F6BB8684E64A6DA4 BaseClass: NativeClass:/Script/Engine.StaticMeshActor Name:StaticMeshActor_UAID_9C5C8E95654EA79401_1318953845 Label:S_Medieval_Modular_Wall_ueoqbdhdw_lod3_Var1 SpatiallyLoaded:1 Bounds:IsValid=true, Min=(X=-1470.029 Y=-212.128 Z=57.274), Max=(X=-1420.498 Y=-12.081 Z=257.355) RuntimeGrid:None EditorOnly:0 RuntimeOnly:0 HLODRelevant:1
 |   |   |- Guid:EE39D46F432962703D4DF0AE015A4480 BaseClass: NativeClass:/Script/Engine.StaticMeshActor Name:StaticMeshActor_UAID_9C5C8E95654EA79401_1319001888 Label:S_Modular_Wooden_Roof_wkupbctdw_lod3_Var15 SpatiallyLoaded:1 Bounds:IsValid=true, Min=(X=-1091.747 Y=-138.136 Z=259.224), Max=(X=-921.747 Y=11.864 Z=266.120) RuntimeGrid:None EditorOnly:0 RuntimeOnly:0 HLODRelevant:1
 |   |   |- Guid:EE59AF084DF4A166FBB9839223F590C1 BaseClass: NativeClass:/Script/Engine.StaticMeshActor Name:StaticMeshActor_UAID_9C5C8E95654EA79401_1318961852 Label:S_Modular_Wooden_Roof_wkupbctdw_lod3_Var8 SpatiallyLoaded:1 Bounds:IsValid=true, Min=(X=-1260.747 Y=-433.136 Z=257.224), Max=(X=-1090.747 Y=-283.136 Z=264.120) RuntimeGrid:None EditorOnly:0 RuntimeOnly:0 HLODRelevant:1
 |   |   |- Guid:EFE423C1452D37623EEC5FB76BC26FC1 BaseClass: NativeClass:/Script/Engine.StaticMeshActor Name:StaticMeshActor_UAID_9C5C8E95654EA79401_1318967857 Label:S_Modular_Stained_Pillar_Kit_vlvnbdcdw_lod5_Var16 SpatiallyLoaded:1 Bounds:IsValid=true, Min=(X=-844.095 Y=-76.609 Z=57.076), Max=(X=-764.784 Y=-44.171 Z=264.480) RuntimeGrid:None EditorOnly:0 RuntimeOnly:0 HLODRelevant:1
 |   |   |- Guid:F35919034489D8DA3381D886E0080593 BaseClass: NativeClass:/Script/Engine.StaticMeshActor Name:StaticMeshActor_UAID_9C5C8E95654EA79401_1318960851 Label:S_Modular_Stained_Pillar_Kit_vlvnbdcdw_lod5_Var20 SpatiallyLoaded:1 Bounds:IsValid=true, Min=(X=-754.712 Y=-229.483 Z=57.077), Max=(X=-722.275 Y=-150.173 Z=263.558) RuntimeGrid:None EditorOnly:0 RuntimeOnly:0 HLODRelevant:1
 |   |   |- Guid:F7096B454196D30566DC82B2CDD17C84 BaseClass: NativeClass:/Script/Engine.StaticMeshActor Name:StaticMeshActor_UAID_9C5C8E95654EA79401_1319007893 Label:S_Modular_Wooden_Roof_wkupbctdw_lod3_Var16 SpatiallyLoaded:1 Bounds:IsValid=true, Min=(X=-1089.747 Y=9.864 Z=259.224), Max=(X=-919.747 Y=159.864 Z=266.120) RuntimeGrid:None EditorOnly:0 RuntimeOnly:0 HLODRelevant:1
 |   |   |- Guid:FBBED4D24CE7DAF52EC9E3B016C543F1 BaseClass: NativeClass:/Script/Engine.StaticMeshActor Name:StaticMeshActor_UAID_9C5C8E95654EA79401_1318963854 Label:S_Medieval_Modular_Wall_uebmcj3dw_lod3_Var1 SpatiallyLoaded:1 Bounds:IsValid=true, Min=(X=-1437.519 Y=-12.488 Z=57.030), Max=(X=-1419.579 Y=338.331 Z=257.491) RuntimeGrid:None EditorOnly:0 RuntimeOnly:0 HLODRelevant:1
 |   |- [+] Clusters:
 |   |   |- [+] [  0]
 |   |   |   |- Guid:FBBED4D24CE7DAF52EC9E3B016C543F1 BaseClass: NativeClass:/Script/Engine.StaticMeshActor Name:StaticMeshActor_UAID_9C5C8E95654EA79401_1318963854 Label:S_Medieval_Modular_Wall_uebmcj3dw_lod3_Var1 SpatiallyLoaded:1 Bounds:IsValid=true, Min=(X=-1437.519 Y=-12.488 Z=57.030), Max=(X=-1419.579 Y=338.331 Z=257.491) RuntimeGrid:None EditorOnly:0 RuntimeOnly:0 HLODRelevant:1
 |   |   |- [+] [  1]
 |   |   |   |- Guid:91A7A46C44A733C450FAE68936CB9111 BaseClass: NativeClass:/Script/Engine.StaticMeshActor Name:StaticMeshActor_UAID_9C5C8E95654EA79401_1318980869 Label:S_Modular_Wooden_Roof_wkupbctdw_lod3_Var23 SpatiallyLoaded:1 Bounds:IsValid=true, Min=(X=-1434.747 Y=333.864 Z=259.224), Max=(X=-1264.747 Y=483.864 Z=266.120) RuntimeGrid:None EditorOnly:0 RuntimeOnly:0 HLODRelevant:1
 |   |   |- [+] [  2]
 |   |   |   |- Guid:DB4F70124F75BC0962C87B8F7412696A BaseClass: NativeClass:/Script/Engine.StaticMeshActor Name:StaticMeshActor_UAID_9C5C8E95654EA79401_1318979868 Label:S_Modular_Stained_Pillar_Kit_vlvnbdcdw_lod5_Var9 SpatiallyLoaded:1 Bounds:IsValid=true, Min=(X=-1172.095 Y=440.391 Z=57.078), Max=(X=-1092.784 Y=472.829 Z=262.831) RuntimeGrid:None EditorOnly:0 RuntimeOnly:0 HLODRelevant:1
 |   |   |- [+] [  3]
 |   |   |   |- Guid:28E57B6B4CFB4CC8E0C5BFB2A34E7235 BaseClass: NativeClass:/Script/Engine.StaticMeshActor Name:StaticMeshActor_UAID_9C5C8E95654EA79401_1319003889 Label:S_Modular_Stained_Pillar_Kit_vl3nferdw_lod5_Var4 SpatiallyLoaded:1 Bounds:IsValid=true, Min=(X=-1077.040 Y=-471.164 Z=116.347), Max=(X=-994.947 Y=-429.264 Z=175.064) RuntimeGrid:None EditorOnly:0 RuntimeOnly:0 HLODRelevant:1
 |   |   |- [+] [  4]
 |   |   |   |- Guid:9D0067F34DA2EBE5E15230B91F3F1B66 BaseClass: NativeClass:/Script/Engine.StaticMeshActor Name:StaticMeshActor_UAID_9C5C8E95654EA79401_1318985873 Label:S_Modular_Wooden_Roof_wkupbctdw_lod3_Var19 SpatiallyLoaded:1 Bounds:IsValid=true, Min=(X=-922.747 Y=-284.136 Z=259.224), Max=(X=-752.747 Y=-134.136 Z=266.120) RuntimeGrid:None EditorOnly:0 RuntimeOnly:0 HLODRelevant:1
 |   |   |- [+] [  5]
 |   |   |   |- Guid:0A4F14F84EF49337CCE413A2D7587F36 BaseClass: NativeClass:/Script/Engine.StaticMeshActor Name:StaticMeshActor_UAID_9C5C8E95654EA79401_1318971861 Label:S_Modular_Stained_Pillar_Kit_vlvnbdcdw_lod5_Var21 SpatiallyLoaded:1 Bounds:IsValid=true, Min=(X=-709.712 Y=-499.483 Z=57.019), Max=(X=-677.275 Y=-420.173 Z=307.370) RuntimeGrid:None EditorOnly:0 RuntimeOnly:0 HLODRelevant:1
 |   |   |- [+] [  6]
 |   |   |   |- Guid:7D0D8A3D4301D68E9C3E1998F2204F26 BaseClass: NativeClass:/Script/Engine.StaticMeshActor Name:StaticMeshActor_UAID_9C5C8E95654EA79401_1318970860 Label:S_Modular_Stained_Pillar_Kit_vlvnbdcdw_lod5_Var14 SpatiallyLoaded:1 Bounds:IsValid=true, Min=(X=-1436.712 Y=336.517 Z=57.078), Max=(X=-1404.275 Y=415.827 Z=262.831) RuntimeGrid:None EditorOnly:0 RuntimeOnly:0 HLODRelevant:1
 |   |   |- [+] [  7]
 |   |   |   |- Guid:81BA584E4094A70F8C453BADE728884F BaseClass: NativeClass:/Script/Engine.StaticMeshActor Name:StaticMeshActor_UAID_9C5C8E95654EA79401_1318968858 Label:S_Modular_Stained_Pillar_Kit_vlvnbdcdw_lod5_Var8 SpatiallyLoaded:1 Bounds:IsValid=true, Min=(X=-1375.095 Y=439.391 Z=57.078), Max=(X=-1295.784 Y=471.829 Z=262.831) RuntimeGrid:None EditorOnly:0 RuntimeOnly:0 HLODRelevant:1
 |   |   |- [+] [  8]
 |   |   |   |- Guid:86907E5B4A29F98E093F3686C2424B9D BaseClass: NativeClass:/Script/Engine.StaticMeshActor Name:StaticMeshActor_UAID_9C5C8E95654EA79401_1318988876 Label:S_Modular_Wooden_Roof_wkupbctdw_lod3_Var14 SpatiallyLoaded:1 Bounds:IsValid=true, Min=(X=-1093.747 Y=-288.136 Z=259.224), Max=(X=-923.747 Y=-138.136 Z=266.120) RuntimeGrid:None EditorOnly:0 RuntimeOnly:0 HLODRelevant:1
 |   |   |- [+] [  9]
 |   |   |   |- Guid:864D526D42BA068F233C5383C8FFE268 BaseClass: NativeClass:/Script/Engine.StaticMeshActor Name:StaticMeshActor_UAID_9C5C8E95654EA79401_1318948841 Label:S_Ice_Cliff_uhupbgxfa_lod3_Var1 SpatiallyLoaded:1 Bounds:IsValid=true, Min=(X=-1085.318 Y=-616.005 Z=54.619), Max=(X=-608.330 Y=-419.908 Z=562.760) RuntimeGrid:None EditorOnly:0 RuntimeOnly:0 HLODRelevant:1
 |   |   |- [+] [ 10]
 |   |   |   |- Guid:171E81A3447AF594B31C13A1D4385562 BaseClass: NativeClass:/Script/Engine.StaticMeshActor Name:StaticMeshActor_UAID_9C5C8E95654EA79401_1318958850 Label:S_Modular_Wooden_Roof_wkupbctdw_lod3_Var29 SpatiallyLoaded:1 Bounds:IsValid=true, Min=(X=-777.208 Y=-498.662 Z=259.741), Max=(X=-623.888 Y=-281.498 Z=344.405) RuntimeGrid:None EditorOnly:0 RuntimeOnly:0 HLODRelevant:1
 |   |   |- [+] [ 11]
 |   |   |   |- Guid:96963AD24C4948AE6BB530BA8B5BD26A BaseClass: NativeClass:/Script/Engine.StaticMeshActor Name:StaticMeshActor_UAID_9C5C8E95654EA79401_1318998885 Label:S_Modular_Wooden_Roof_wkupbctdw_lod3_Var21 SpatiallyLoaded:1 Bounds:IsValid=true, Min=(X=-918.747 Y=10.864 Z=259.224), Max=(X=-748.747 Y=160.864 Z=266.120) RuntimeGrid:None EditorOnly:0 RuntimeOnly:0 HLODRelevant:1
 |   |   |- [+] [ 12]
 |   |   |   |- Guid:7AD3D6834FA2114D907E77BF4DEE3887 BaseClass: NativeClass:/Script/Engine.StaticMeshActor Name:StaticMeshActor_UAID_9C5C8E95654EA79401_1319014899 Label:S_Modular_Stained_Pillar_Kit_vlvnbdcdw_lod5_Var15 SpatiallyLoaded:1 Bounds:IsValid=true, Min=(X=1477.288 Y=-216.469 Z=0.000), Max=(X=1509.725 Y=750.131 Z=79.310) RuntimeGrid:None EditorOnly:0 RuntimeOnly:0 HLODRelevant:1
 |   |   |- [+] [ 13]
 |   |   |   |- Guid:D357B3F84BCE1FF02BE0D89A4CE0C114 BaseClass: NativeClass:/Script/Engine.StaticMeshActor Name:StaticMeshActor_UAID_9C5C8E95654EA79401_1318999886 Label:S_Modular_Stained_Pillar_Kit_vl3nferdw_lod5_Var5 SpatiallyLoaded:1 Bounds:IsValid=true, Min=(X=-998.040 Y=-471.164 Z=57.347), Max=(X=-915.947 Y=-429.264 Z=116.064) RuntimeGrid:None EditorOnly:0 RuntimeOnly:0 HLODRelevant:1
 |   |   |- [+] [ 14]
 |   |   |   |- Guid:EE39D46F432962703D4DF0AE015A4480 BaseClass: NativeClass:/Script/Engine.StaticMeshActor Name:StaticMeshActor_UAID_9C5C8E95654EA79401_1319001888 Label:S_Modular_Wooden_Roof_wkupbctdw_lod3_Var15 SpatiallyLoaded:1 Bounds:IsValid=true, Min=(X=-1091.747 Y=-138.136 Z=259.224), Max=(X=-921.747 Y=11.864 Z=266.120) RuntimeGrid:None EditorOnly:0 RuntimeOnly:0 HLODRelevant:1
 |   |   |- [+] [ 15]
 |   |   |   |- Guid:276DA4F64A95EBEBEC38D9B9CF9B9DE8 BaseClass: NativeClass:/Script/Engine.StaticMeshActor Name:StaticMeshActor_UAID_9C5C8E95654EA79401_1318974863 Label:S_Old_Wooden_Door_uflvddofa_lod3_Var1 SpatiallyLoaded:1 Bounds:IsValid=true, Min=(X=-1509.725 Y=-750.131 Z=57.348), Max=(X=-1319.724 Y=-644.736 Z=79.035) RuntimeGrid:None EditorOnly:0 RuntimeOnly:0 HLODRelevant:0
 |   |   |- [+] [ 16]
 |   |   |   |- Guid:3EAD41574A3910334B1E1DBB144CF2FC BaseClass: NativeClass:/Script/Engine.StaticMeshActor Name:StaticMeshActor_UAID_9C5C8E95654EA79401_1318976865 Label:S_Modular_Wooden_Roof_wkupbctdw_lod3_Var28 SpatiallyLoaded:1 Bounds:IsValid=true, Min=(X=-931.428 Y=-501.526 Z=260.784), Max=(X=-778.109 Y=-284.362 Z=345.447) RuntimeGrid:None EditorOnly:0 RuntimeOnly:0 HLODRelevant:1
 |   |   |- [+] [ 17]
 |   |   |   |- Guid:37AE4D7543D1BCB958B2D78552A9D005 BaseClass: NativeClass:/Script/Engine.StaticMeshActor Name:StaticMeshActor_UAID_9C5C8E95654EA79401_1318964855 Label:S_Modular_Wooden_Roof_wkupbctdw_lod3_Var10 SpatiallyLoaded:1 Bounds:IsValid=true, Min=(X=-1261.747 Y=-134.136 Z=259.224), Max=(X=-1091.747 Y=15.864 Z=266.120) RuntimeGrid:None EditorOnly:0 RuntimeOnly:0 HLODRelevant:1
 |   |   |- [+] [ 18]
 |   |   |   |- Guid:85E2D2274EE470262F29429EEED9DEB4 BaseClass: NativeClass:/Script/Engine.StaticMeshActor Name:StaticMeshActor_UAID_9C5C8E95654EA79401_1318975864 Label:S_Modular_Wooden_Roof_wkupbctdw_lod3_Var25 SpatiallyLoaded:1 Bounds:IsValid=true, Min=(X=-1165.747 Y=329.864 Z=259.224), Max=(X=-995.747 Y=479.864 Z=266.120) RuntimeGrid:None EditorOnly:0 RuntimeOnly:0 HLODRelevant:1
 |   |   |- [+] [ 19]
 |   |   |   |- Guid:90FD794B4D7E99BF5BF393ACA539B801 BaseClass: NativeClass:/Script/Engine.StaticMeshActor Name:StaticMeshActor_UAID_9C5C8E95654EA79401_1318949842 Label:S_Medieval_Modular_Wall_ueoqca0dw_lod3_Var1 SpatiallyLoaded:1 Bounds:IsValid=true, Min=(X=-1320.747 Y=465.655 Z=57.310), Max=(X=-1120.747 Y=483.134 Z=257.376) RuntimeGrid:None EditorOnly:0 RuntimeOnly:0 HLODRelevant:1
 |   |   |- [+] [ 20]
 |   |   |   |- Guid:13DEC4C94C39B3CB0670CBA02CD827C0 BaseClass: NativeClass:/Script/Engine.StaticMeshActor Name:StaticMeshActor_UAID_9C5C8E95654EA79401_1319010895 Label:S_Modular_Stained_Pillar_Kit_vlvnbdcdw_lod5_Var23 SpatiallyLoaded:1 Bounds:IsValid=true, Min=(X=-722.712 Y=-152.483 Z=57.077), Max=(X=-690.275 Y=-73.173 Z=263.558) RuntimeGrid:None EditorOnly:0 RuntimeOnly:0 HLODRelevant:1
 |   |   |- [+] [ 21]
 |   |   |   |- Guid:799F3B8646B5755CE5B1BB9AE5F53E97 BaseClass: NativeClass:/Script/Engine.StaticMeshActor Name:StaticMeshActor_UAID_9C5C8E95654EA79401_1318991879 Label:S_Damaged_Concrete_Foundation_wl3mfb2dw_lod5_Var1 SpatiallyLoaded:1 Bounds:IsValid=true, Min=(X=-742.610 Y=-442.489 Z=65.511), Max=(X=-562.573 Y=-141.984 Z=299.837) RuntimeGrid:None EditorOnly:0 RuntimeOnly:0 HLODRelevant:1
 |   |   |- [+] [ 22]
 |   |   |   |- Guid:2455A09F4A28AF21037199BF907EC80E BaseClass: NativeClass:/Script/Engine.StaticMeshActor Name:StaticMeshActor_UAID_9C5C8E95654EA79401_1318969859 Label:S_Medieval_Modular_Wall_ueoqca0dw_lod3_Var2 SpatiallyLoaded:1 Bounds:IsValid=true, Min=(X=-1014.956 Y=109.864 Z=64.310), Max=(X=-997.478 Y=309.864 Z=264.376) RuntimeGrid:None EditorOnly:0 RuntimeOnly:0 HLODRelevant:1
 |   |   |- [+] [ 23]
 |   |   |   |- Guid:EE59AF084DF4A166FBB9839223F590C1 BaseClass: NativeClass:/Script/Engine.StaticMeshActor Name:StaticMeshActor_UAID_9C5C8E95654EA79401_1318961852 Label:S_Modular_Wooden_Roof_wkupbctdw_lod3_Var8 SpatiallyLoaded:1 Bounds:IsValid=true, Min=(X=-1260.747 Y=-433.136 Z=257.224), Max=(X=-1090.747 Y=-283.136 Z=264.120) RuntimeGrid:None EditorOnly:0 RuntimeOnly:0 HLODRelevant:1
 |   |   |- [+] [ 24]
 |   |   |   |- Guid:75BD97F54AB50BD28FF37FA024B65741 BaseClass: NativeClass:/Script/Engine.StaticMeshActor Name:StaticMeshActor_UAID_9C5C8E95654EA79401_1318987875 Label:S_Modular_Wooden_Roof_wkupbctdw_lod3_Var13 SpatiallyLoaded:1 Bounds:IsValid=true, Min=(X=-1090.747 Y=-432.136 Z=259.224), Max=(X=-920.747 Y=-282.136 Z=266.120) RuntimeGrid:None EditorOnly:0 RuntimeOnly:0 HLODRelevant:1
 |   |   |- [+] [ 25]
 |   |   |   |- Guid:BDDDA45540A4F224743DF6B0B7FC001A BaseClass: NativeClass:/Script/Engine.StaticMeshActor Name:StaticMeshActor_UAID_9C5C8E95654EA79401_1318950843 Label:S_Modular_Wooden_Roof_wkupbctdw_lod3_Var2 SpatiallyLoaded:1 Bounds:IsValid=true, Min=(X=-1430.974 Y=-427.136 Z=255.224), Max=(X=-1223.699 Y=-277.136 Z=262.120) RuntimeGrid:None EditorOnly:0 RuntimeOnly:0 HLODRelevant:1
 |   |   |- [+] [ 26]
 |   |   |   |- Guid:214EDB264EBF61E62D7455B932F066E6 BaseClass: NativeClass:/Script/Engine.StaticMeshActor Name:StaticMeshActor_UAID_9C5C8E95654EA79401_1318982871 Label:S_Modular_Stained_Pillar_Kit_vlvnbdcdw_lod5_Var18 SpatiallyLoaded:1 Bounds:IsValid=true, Min=(X=-1255.095 Y=-440.609 Z=57.088), Max=(X=-1175.784 Y=-408.171 Z=254.900) RuntimeGrid:None EditorOnly:0 RuntimeOnly:0 HLODRelevant:1
 |   |   |- [+] [ 27]
 |   |   |   |- Guid:4970456748E388C204C4809ABED3456D BaseClass: NativeClass:/Script/Engine.StaticMeshActor Name:StaticMeshActor_UAID_9C5C8E95654EA79401_1318989877 Label:S_Modular_Wooden_Roof_wkupbctdw_lod3_Var18 SpatiallyLoaded:1 Bounds:IsValid=true, Min=(X=-919.747 Y=-431.136 Z=259.224), Max=(X=-749.747 Y=-281.136 Z=266.120) RuntimeGrid:None EditorOnly:0 RuntimeOnly:0 HLODRelevant:1
 |   |   |- [+] [ 28]
 |   |   |   |- Guid:7273F60148800A8A83BDB8AF5EF441AC BaseClass: NativeClass:/Script/Engine.StaticMeshActor Name:StaticMeshActor_UAID_9C5C8E95654EA79401_1318962853 Label:S_Modular_Wooden_Roof_wkupbctdw_lod3_Var4 SpatiallyLoaded:1 Bounds:IsValid=true, Min=(X=-1432.653 Y=-125.136 Z=253.224), Max=(X=-1225.325 Y=24.864 Z=260.120) RuntimeGrid:None EditorOnly:0 RuntimeOnly:0 HLODRelevant:1
 |   |   |- [+] [ 29]
 |   |   |   |- Guid:A45889114DF8ADBCFF5BB6899FCA6EB7 BaseClass: NativeClass:/Script/Engine.StaticMeshActor Name:StaticMeshActor_UAID_9C5C8E95654EA79401_1318996883 Label:S_Modular_Wooden_Roof_wkupbctdw_lod3_Var5 SpatiallyLoaded:1 Bounds:IsValid=true, Min=(X=-1430.214 Y=14.864 Z=253.224), Max=(X=-1222.886 Y=164.864 Z=260.120) RuntimeGrid:None EditorOnly:0 RuntimeOnly:0 HLODRelevant:1
 |   |   |- [+] [ 30]
 |   |   |   |- Guid:B54C717646A2C2C09B82C38AA2E2DDB2 BaseClass: NativeClass:/Script/Engine.StaticMeshActor Name:StaticMeshActor_UAID_9C5C8E95654EA79401_1318957849 Label:S_Medieval_Modular_Wall_ueoqbdhdw_lod3_Var2 SpatiallyLoaded:1 Bounds:IsValid=true, Min=(X=-1470.029 Y=-413.128 Z=57.274), Max=(X=-1420.498 Y=-213.081 Z=257.355) RuntimeGrid:None EditorOnly:0 RuntimeOnly:0 HLODRelevant:1
 |   |   |- [+] [ 31]
 |   |   |   |- Guid:1245E1DD4FB2D42E97F2BDACBCE60D6B BaseClass: NativeClass:/Script/Engine.StaticMeshActor Name:StaticMeshActor_UAID_9C5C8E95654EA79401_1318965856 Label:S_Modular_Wooden_Roof_wkupbctdw_lod3_Var6 SpatiallyLoaded:1 Bounds:IsValid=true, Min=(X=-1428.994 Y=148.864 Z=258.224), Max=(X=-1221.666 Y=298.864 Z=265.120) RuntimeGrid:None EditorOnly:0 RuntimeOnly:0 HLODRelevant:1
 |   |   |- [+] [ 32]
 |   |   |   |- Guid:7A0C1D1642C1AE926DC9918274CBEE31 BaseClass: NativeClass:/Script/Engine.StaticMeshActor Name:StaticMeshActor_UAID_9C5C8E95654EA79401_1318972862 Label:S_Modular_Stained_Pillar_Kit_vlvnbdcdw_lod5_Var10 SpatiallyLoaded:1 Bounds:IsValid=true, Min=(X=-1114.095 Y=466.391 Z=57.078), Max=(X=-1034.784 Y=498.829 Z=262.831) RuntimeGrid:None EditorOnly:0 RuntimeOnly:0 HLODRelevant:1
 |   |   |- [+] [ 33]
 |   |   |   |- Guid:C63771834A1BCED4FC436AB2C4E5963A BaseClass: NativeClass:/Script/Engine.StaticMeshActor Name:StaticMeshActor_UAID_9C5C8E95654EA79401_1319012897 Label:S_Modular_Stained_Pillar_Kit_vlvnbdcdw_lod5_Var19 SpatiallyLoaded:1 Bounds:IsValid=true, Min=(X=-752.712 Y=-153.483 Z=57.077), Max=(X=-720.275 Y=-74.173 Z=263.558) RuntimeGrid:None EditorOnly:0 RuntimeOnly:0 HLODRelevant:1
 |   |   |- [+] [ 34]
 |   |   |   |- Guid:0E35A5EA4157A3140B07F89FD0FE9C55 BaseClass: NativeClass:/Script/Engine.StaticMeshActor Name:StaticMeshActor_UAID_9C5C8E95654EA79401_1319013898 Label:S_Modular_Wooden_Roof_wkupbctdw_lod3_Var17 SpatiallyLoaded:1 Bounds:IsValid=true, Min=(X=-1089.747 Y=117.836 Z=259.224), Max=(X=-919.747 Y=333.864 Z=266.120) RuntimeGrid:None EditorOnly:0 RuntimeOnly:0 HLODRelevant:1
 |   |   |- [+] [ 35]
 |   |   |   |- Guid:EFE423C1452D37623EEC5FB76BC26FC1 BaseClass: NativeClass:/Script/Engine.StaticMeshActor Name:StaticMeshActor_UAID_9C5C8E95654EA79401_1318967857 Label:S_Modular_Stained_Pillar_Kit_vlvnbdcdw_lod5_Var16 SpatiallyLoaded:1 Bounds:IsValid=true, Min=(X=-844.095 Y=-76.609 Z=57.076), Max=(X=-764.784 Y=-44.171 Z=264.480) RuntimeGrid:None EditorOnly:0 RuntimeOnly:0 HLODRelevant:1
 |   |   |- [+] [ 36]
 |   |   |   |- Guid:AB2608564E3AB7DF26810BB79B96C1D5 BaseClass: NativeClass:/Script/Engine.StaticMeshActor Name:StaticMeshActor_UAID_9C5C8E95654EA79401_1319015900 Label:S_Modular_Stained_Pillar_Kit_vlvnbdcdw_lod5_Var13 SpatiallyLoaded:1 Bounds:IsValid=true, Min=(X=-1437.712 Y=417.517 Z=57.078), Max=(X=-1405.275 Y=496.827 Z=262.831) RuntimeGrid:None EditorOnly:0 RuntimeOnly:0 HLODRelevant:1
 |   |   |- [+] [ 37]
 |   |   |   |- Guid:0AB7F9134EC1208919C47D959BDA7417 BaseClass: NativeClass:/Script/Engine.StaticMeshActor Name:StaticMeshActor_UAID_9C5C8E95654EA79401_1318995882 Label:S_Medieval_Modular_Wall_ueopfbzdw_lod3_Var1 SpatiallyLoaded:1 Bounds:IsValid=true, Min=(X=-1437.754 Y=-434.674 Z=57.335), Max=(X=-1237.753 Y=-414.019 Z=257.386) RuntimeGrid:None EditorOnly:0 RuntimeOnly:0 HLODRelevant:1
 |   |   |- [+] [ 38]
 |   |   |   |- Guid:2793BD904DBC50B0FED2B48D609922AF BaseClass: NativeClass:/Script/Engine.StaticMeshActor Name:StaticMeshActor_UAID_9C5C8E95654EA79401_1318993880 Label:S_Modular_Stained_Pillar_Kit_vl3nferdw_lod5_Var1 SpatiallyLoaded:1 Bounds:IsValid=true, Min=(X=-1078.040 Y=-472.164 Z=57.347), Max=(X=-995.947 Y=-430.264 Z=116.064) RuntimeGrid:None EditorOnly:0 RuntimeOnly:0 HLODRelevant:1
 |   |   |- [+] [ 39]
 |   |   |   |- Guid:4130C62F462A848502BA468B3CD8F196 BaseClass: NativeClass:/Script/Engine.StaticMeshActor Name:StaticMeshActor_UAID_9C5C8E95654EA79401_1318955847 Label:S_Modular_Wooden_Roof_wkupbctdw_lod3_Var24 SpatiallyLoaded:1 Bounds:IsValid=true, Min=(X=-1271.747 Y=165.414 Z=256.980), Max=(X=-1056.186 Y=483.864 Z=264.415) RuntimeGrid:None EditorOnly:0 RuntimeOnly:0 HLODRelevant:1
 |   |   |- [+] [ 40]
 |   |   |   |- Guid:82095BD948426D8F5D83EAB1ED56C92E BaseClass: NativeClass:/Script/Engine.StaticMeshActor Name:StaticMeshActor_UAID_9C5C8E95654EA79401_1318978867 Label:S_Modular_Stained_Pillar_Kit_vlvnbdcdw_lod5_Var22 SpatiallyLoaded:1 Bounds:IsValid=true, Min=(X=-1030.712 Y=285.517 Z=57.078), Max=(X=-998.275 Y=364.827 Z=262.831) RuntimeGrid:None EditorOnly:0 RuntimeOnly:0 HLODRelevant:1
 |   |   |- [+] [ 41]
 |   |   |   |- Guid:314CF8E64B86A324C35AFB8129099D61 BaseClass: NativeClass:/Script/Engine.StaticMeshActor Name:StaticMeshActor_UAID_9C5C8E95654EA79401_1318951844 Label:S_Modular_Wooden_Roof_wkupbctdw_lod3_Var12 SpatiallyLoaded:1 Bounds:IsValid=true, Min=(X=-1258.747 Y=142.864 Z=259.224), Max=(X=-1088.747 Y=292.864 Z=266.120) RuntimeGrid:None EditorOnly:0 RuntimeOnly:0 HLODRelevant:1
 |   |   |- [+] [ 42]
 |   |   |   |- Guid:ADAFD4E542A95B02B724409B4B4C7221 BaseClass: NativeClass:/Script/Engine.StaticMeshActor Name:StaticMeshActor_UAID_9C5C8E95654EA79401_1319006892 Label:S_Modular_Wooden_Roof_wkupbctdw_lod3_Var26 SpatiallyLoaded:1 Bounds:IsValid=true, Min=(X=-874.747 Y=-298.136 Z=259.224), Max=(X=-704.747 Y=-148.136 Z=266.120) RuntimeGrid:None EditorOnly:0 RuntimeOnly:0 HLODRelevant:1
 |   |   |- [+] [ 43]
 |   |   |   |- Guid:E948D2154BE683DAE4931FB4AEC32FBC BaseClass: NativeClass:/Script/Engine.StaticMeshActor Name:StaticMeshActor_UAID_9C5C8E95654EA79401_1318954846 Label:S_Modular_Wooden_Roof_wkupbctdw_lod3_Var11 SpatiallyLoaded:1 Bounds:IsValid=true, Min=(X=-1259.747 Y=8.864 Z=259.224), Max=(X=-1089.747 Y=158.864 Z=266.120) RuntimeGrid:None EditorOnly:0 RuntimeOnly:0 HLODRelevant:1
 |   |   |- [+] [ 44]
 |   |   |   |- Guid:D80A5F1149510B574C2FB7810AFEFF9E BaseClass: NativeClass:/Script/Engine.StaticMeshActor Name:StaticMeshActor_UAID_9C5C8E95654EA79401_1319005891 Label:S_Modular_Wooden_Roof_wkupbctdw_lod3_Var9 SpatiallyLoaded:1 Bounds:IsValid=true, Min=(X=-1263.747 Y=-284.136 Z=259.224), Max=(X=-1093.747 Y=-134.136 Z=266.120) RuntimeGrid:None EditorOnly:0 RuntimeOnly:0 HLODRelevant:1
 |   |   |- [+] [ 45]
 |   |   |   |- Guid:C0DFCE9D4524DFAE80F15B9949BF6B2F BaseClass: NativeClass:/Script/Engine.StaticMeshActor Name:StaticMeshActor_UAID_9C5C8E95654EA79401_1318984872 Label:S_Medieval_Modular_Wall_ueoqca0dw_lod3_Var3 SpatiallyLoaded:1 Bounds:IsValid=true, Min=(X=-1014.956 Y=-59.136 Z=64.310), Max=(X=-997.478 Y=140.864 Z=264.376) RuntimeGrid:None EditorOnly:0 RuntimeOnly:0 HLODRelevant:1
 |   |   |- [+] [ 46]
 |   |   |   |- Guid:591A2A064D1DB0CCE22D28A4B6A784F9 BaseClass: NativeClass:/Script/Engine.StaticMeshActor Name:StaticMeshActor_UAID_9C5C8E95654EA79401_1318956848 Label:S_Modular_Stained_Pillar_Kit_vlvnbdcdw_lod5_Var12 SpatiallyLoaded:1 Bounds:IsValid=true, Min=(X=-1031.712 Y=340.517 Z=57.078), Max=(X=-999.275 Y=419.827 Z=262.831) RuntimeGrid:None EditorOnly:0 RuntimeOnly:0 HLODRelevant:1
 |   |   |- [+] [ 47]
 |   |   |   |- Guid:F35919034489D8DA3381D886E0080593 BaseClass: NativeClass:/Script/Engine.StaticMeshActor Name:StaticMeshActor_UAID_9C5C8E95654EA79401_1318960851 Label:S_Modular_Stained_Pillar_Kit_vlvnbdcdw_lod5_Var20 SpatiallyLoaded:1 Bounds:IsValid=true, Min=(X=-754.712 Y=-229.483 Z=57.077), Max=(X=-722.275 Y=-150.173 Z=263.558) RuntimeGrid:None EditorOnly:0 RuntimeOnly:0 HLODRelevant:1
 |   |   |- [+] [ 48]
 |   |   |   |- Guid:79F3FC65409C5AE62CFE9486B06BA013 BaseClass: NativeClass:/Script/Engine.StaticMeshActor Name:StaticMeshActor_UAID_9C5C8E95654EA79401_1319009894 Label:S_Modular_Wooden_Roof_wkupbctdw_lod3_Var3 SpatiallyLoaded:1 Bounds:IsValid=true, Min=(X=-1434.632 Y=-275.136 Z=255.224), Max=(X=-1227.357 Y=-125.136 Z=262.120) RuntimeGrid:None EditorOnly:0 RuntimeOnly:0 HLODRelevant:1
 |   |   |- [+] [ 49]
 |   |   |   |- Guid:EAD1D69F44F2E786F6BB8684E64A6DA4 BaseClass: NativeClass:/Script/Engine.StaticMeshActor Name:StaticMeshActor_UAID_9C5C8E95654EA79401_1318953845 Label:S_Medieval_Modular_Wall_ueoqbdhdw_lod3_Var1 SpatiallyLoaded:1 Bounds:IsValid=true, Min=(X=-1470.029 Y=-212.128 Z=57.274), Max=(X=-1420.498 Y=-12.081 Z=257.355) RuntimeGrid:None EditorOnly:0 RuntimeOnly:0 HLODRelevant:1
 |   |   |- [+] [ 50]
 |   |   |   |- Guid:885BDE6A480AA71DC8BC24863EFF8A12 BaseClass: NativeClass:/Script/Engine.StaticMeshActor Name:StaticMeshActor_UAID_9C5C8E95654EA79401_1318977866 Label:S_Modular_Stained_Pillar_Kit_vlvnbdcdw_lod5_Var11 SpatiallyLoaded:1 Bounds:IsValid=true, Min=(X=-1032.712 Y=420.517 Z=57.078), Max=(X=-1000.275 Y=499.827 Z=262.831) RuntimeGrid:None EditorOnly:0 RuntimeOnly:0 HLODRelevant:1
 |   |   |- [+] [ 51]
 |   |   |   |- Guid:A22943B94E439A9908C9629D942EB494 BaseClass: NativeClass:/Script/Engine.StaticMeshActor Name:StaticMeshActor_UAID_9C5C8E95654EA79401_1318990878 Label:S_Modular_Stained_Pillar_Kit_vlvnbdcdw_lod5_Var1 SpatiallyLoaded:1 Bounds:IsValid=true, Min=(X=-1403.095 Y=463.391 Z=57.078), Max=(X=-1323.784 Y=495.829 Z=262.831) RuntimeGrid:None EditorOnly:0 RuntimeOnly:0 HLODRelevant:1
 |   |   |- [+] [ 52]
 |   |   |   |- Guid:02D57C8F4B1F1A64E6572BB742ABE0E6 BaseClass: NativeClass:/Script/Engine.StaticMeshActor Name:StaticMeshActor_UAID_9C5C8E95654EA79401_1319011896 Label:S_Modular_Wooden_Roof_wkupbctdw_lod3_Var22 SpatiallyLoaded:1 Bounds:IsValid=true, Min=(X=-875.747 Y=-430.136 Z=259.224), Max=(X=-705.747 Y=-280.136 Z=266.120) RuntimeGrid:None EditorOnly:0 RuntimeOnly:0 HLODRelevant:1
 |   |   |- [+] [ 53]
 |   |   |   |- Guid:A41B3AD247B9282CF54CD5AB7A7E8B99 BaseClass: NativeClass:/Script/Engine.StaticMeshActor Name:StaticMeshActor_UAID_9C5C8E95654EA79401_1318945840 Label:S_Framed_Wooden_Window_vmgjfabdw_lod3 SpatiallyLoaded:1 Bounds:IsValid=true, Min=(X=-1002.904 Y=-77.372 Z=39.241), Max=(X=-842.404 Y=-45.882 Z=292.276) RuntimeGrid:None EditorOnly:0 RuntimeOnly:0 HLODRelevant:1
 |   |   |- [+] [ 54]
 |   |   |   |- Guid:81BD8E5B400811CF801240A215835E30 BaseClass: NativeClass:/Script/Engine.StaticMeshActor Name:StaticMeshActor_UAID_9C5C8E95654EA79401_1318981870 Label:S_Modular_Wooden_Roof_wkupbctdw_lod3_Var27 SpatiallyLoaded:1 Bounds:IsValid=true, Min=(X=-1084.747 Y=-503.642 Z=259.425), Max=(X=-931.428 Y=-286.478 Z=344.089) RuntimeGrid:None EditorOnly:0 RuntimeOnly:0 HLODRelevant:1
 |   |   |- [+] [ 55]
 |   |   |   |- Guid:55C5D986421ECFBC7C5DBC907446BED5 BaseClass: NativeClass:/Script/Engine.StaticMeshActor Name:StaticMeshActor_UAID_9C5C8E95654EA79401_1319000887 Label:S_Modular_Wooden_Roof_wkupbctdw_lod3_Var7 SpatiallyLoaded:1 Bounds:IsValid=true, Min=(X=-1429.747 Y=182.864 Z=257.224), Max=(X=-1259.747 Y=332.864 Z=264.120) RuntimeGrid:None EditorOnly:0 RuntimeOnly:0 HLODRelevant:1
 |   |   |- [+] [ 56]
 |   |   |   |- Guid:14A569204F04F3D432BF4FB1EA2DF8DE BaseClass: NativeClass:/Script/Engine.StaticMeshActor Name:StaticMeshActor_UAID_9C5C8E95654EA79401_1318994881 Label:S_Modular_Stained_Pillar_Kit_vl3nferdw_lod5_Var6 SpatiallyLoaded:1 Bounds:IsValid=true, Min=(X=-997.040 Y=-470.164 Z=116.347), Max=(X=-914.947 Y=-428.264 Z=175.064) RuntimeGrid:None EditorOnly:0 RuntimeOnly:0 HLODRelevant:1
 |   |   |- [+] [ 57]
 |   |   |   |- Guid:53B1922947320D775BAEF2B6E0F5517C BaseClass: NativeClass:/Script/Engine.StaticMeshActor Name:StaticMeshActor_UAID_9C5C8E95654EA79401_1319004890 Label:S_Modular_Wooden_Roof_wkupbctdw_lod3_Var20 SpatiallyLoaded:1 Bounds:IsValid=true, Min=(X=-920.747 Y=-133.136 Z=259.224), Max=(X=-750.747 Y=16.864 Z=266.120) RuntimeGrid:None EditorOnly:0 RuntimeOnly:0 HLODRelevant:1
 |   |   |- [+] [ 58]
 |   |   |   |- Guid:60CC04AE40B3F9F493CE4EAA3CC630E9 BaseClass: NativeClass:/Script/Engine.StaticMeshActor Name:StaticMeshActor_UAID_9C5C8E95654EA79401_1318986874 Label:S_Modular_Stained_Pillar_Kit_vlvnbdcdw_lod5_Var17 SpatiallyLoaded:1 Bounds:IsValid=true, Min=(X=-764.095 Y=-75.609 Z=57.076), Max=(X=-684.784 Y=-43.171 Z=264.480) RuntimeGrid:None EditorOnly:0 RuntimeOnly:0 HLODRelevant:1
 |   |   |- [+] [ 59]
 |   |   |   |- Guid:F7096B454196D30566DC82B2CDD17C84 BaseClass: NativeClass:/Script/Engine.StaticMeshActor Name:StaticMeshActor_UAID_9C5C8E95654EA79401_1319007893 Label:S_Modular_Wooden_Roof_wkupbctdw_lod3_Var16 SpatiallyLoaded:1 Bounds:IsValid=true, Min=(X=-1089.747 Y=9.864 Z=259.224), Max=(X=-919.747 Y=159.864 Z=266.120) RuntimeGrid:None EditorOnly:0 RuntimeOnly:0 HLODRelevant:1
 |- ContainerInstances:
 |- [+] MainContainer:
 |   |-        ID: 0x0000000000000000
 |   |-    Bounds: IsValid=true, Min=(X=-12600.000 Y=-12600.000 Z=-1125.164), Max=(X=12600.000 Y=12600.000 Z=3027.344)
 |   |- Transform: 0.000000,0.000000,0.000000|0.000000,0.000000,-0.000000|1.000000,1.000000,1.000000
 |   |- Container: /Game/Maps/LandscapeWorldPartition
 |- [+] SubContainers:
 |   |- [+] Cabin:
 |   |   |-        ID: 0x7f52a33e31036e89
 |   |   |-    Bounds: IsValid=true, Min=(X=615.022 Y=-2831.995 Z=42.653), Max=(X=3634.473 Y=-1331.733 Z=605.413)
 |   |   |- Transform: 2124.747063,-2081.864009,42.652515|0.000000,0.000000,-0.000000|1.000000,1.000000,1.000000
 |   |   |- Container: /Game/Maps/Cabin
