[+] Containers:
 |- [+] Container: /Game/Maps/LandscapeWorldPartition
 |   |- [+] ActorDescs:
 |   |   |- Guid:2465236743FA69EB25891680D7696D6F BaseClass:/Game/BPD/BPD_CharacterCountess.BPD_CharacterCountess_C NativeClass:/Script/Arcade.CPP_CharacterCountess Name:BPD_CharacterCountess_C_UAID_F079599279ED039401_1620947978 Label:BPD_CharacterCountess SpatiallyLoaded:1 Bounds:IsValid=true, Min=(X=-2387.064 Y=-5747.064 Z=35.435), Max=(X=-2092.936 Y=-5452.936 Z=329.562) RuntimeGrid:None EditorOnly:0 RuntimeOnly:0 HLODRelevant:0
 |   |   |- Guid:2C321C5B4F30C5BC9D6061899E88CFD9 BaseClass: NativeClass:/Script/Landscape.LandscapeStreamingProxy Name:LandscapeStreamingProxy_8WU5NQK7N7A4JWR49MRE8QWCR_126_1_0_0 Label:LandscapeStreamingProxy_1_0_0 SpatiallyLoaded:1 Bounds:IsValid=true, Min=(X=0.000 Y=-12600.000 Z=0.000), Max=(X=12600.000 Y=0.000 Z=200.000) RuntimeGrid:None EditorOnly:0 RuntimeOnly:0 HLODRelevant:1
 |   |   |- Guid:51FB3CDB4657ED587DE293AF5069DA7A BaseClass: NativeClass:/Script/Landscape.LandscapeStreamingProxy Name:LandscapeStreamingProxy_8WU5NQK7N7A4JWR49MRE8QWCR_126_1_1_0 Label:LandscapeStreamingProxy_1_1_0 SpatiallyLoaded:1 Bounds:IsValid=true, Min=(X=0.000 Y=0.000 Z=0.000), Max=(X=12600.000 Y=12600.000 Z=200.000) RuntimeGrid:None EditorOnly:0 RuntimeOnly:0 HLODRelevant:1
 |   |   |- Guid:555E187145F60560CE0C10873BB28F39 BaseClass:/Engine/EngineSky/BP_Sky_Sphere.BP_Sky_Sphere_C NativeClass:/Script/Engine.Actor Name:BP_Sky_Sphere_C_UAID_F079599279ED039401_1588091977 Label:BP_Sky_Sphere SpatiallyLoaded:0 Bounds:IsValid=true, Min=(X=-1624840.000 Y=-1643480.000 Z=-1638400.000), Max=(X=1651960.000 Y=1633320.000 Z=1638400.000) RuntimeGrid:None EditorOnly:0 RuntimeOnly:0 HLODRelevant:0
 |   |   |- Guid:7AEC30E9460B1EF9D4C47C9FD8722F5A BaseClass: NativeClass:/Script/Engine.DirectionalLight Name:DirectionalLight_UAID_F079599279ED039401_1572548976 Label:DirectionalLight SpatiallyLoaded:0 Bounds:IsValid=true, Min=(X=-4398046511104.000 Y=-4398046511104.000 Z=-4398046511104.000), Max=(X=4398046511104.000 Y=4398046511104.000 Z=4398046511104.000) RuntimeGrid:None EditorOnly:0 RuntimeOnly:0 HLODRelevant:0
 |   |   |- Guid:7F8B57464661C181C3BF9DB99AAF8A9B BaseClass: NativeClass:/Script/Landscape.Landscape Name:Landscape_UAID_F079599279ED039401_1518738975 Label:Landscape SpatiallyLoaded:0 Bounds:IsValid=true, Min=(X=-12600.000 Y=-12600.000 Z=100.000), Max=(X=-12600.000 Y=-12600.000 Z=100.000) RuntimeGrid:None EditorOnly:0 RuntimeOnly:0 HLODRelevant:0
 |   |   |- Guid:8809B0CF42FB6FEF2F3C9CB7AC43835C BaseClass: NativeClass:/Script/Landscape.LandscapeStreamingProxy Name:LandscapeStreamingProxy_8WU5NQK7N7A4JWR49MRE8QWCR_126_0_1_0 Label:LandscapeStreamingProxy_0_1_0 SpatiallyLoaded:1 Bounds:IsValid=true, Min=(X=-12600.000 Y=0.000 Z=0.000), Max=(X=0.000 Y=12600.000 Z=200.000) RuntimeGrid:None EditorOnly:0 RuntimeOnly:0 HLODRelevant:1
 |   |   |- Guid:AE0E851A4DB26CD05037EAA1E1BDB333 BaseClass: NativeClass:/Script/Landscape.LandscapeStreamingProxy Name:LandscapeStreamingProxy_8WU5NQK7N7A4JWR49MRE8QWCR_126_0_0_0 Label:LandscapeStreamingProxy_0_0_0 SpatiallyLoaded:1 Bounds:IsValid=true, Min=(X=-12600.000 Y=-12600.000 Z=0.000), Max=(X=0.000 Y=0.000 Z=200.000) RuntimeGrid:None EditorOnly:0 RuntimeOnly:0 HLODRelevant:1
 |   |   |- Guid:BA01C3D64029B738E729CA9CA33E5D3E BaseClass: NativeClass:/Script/Engine.WorldDataLayers Name:WorldDataLayers Label:WorldDataLayers SpatiallyLoaded:0 Bounds:IsValid=true, Min=(X=0.000 Y=0.000 Z=0.000), Max=(X=0.000 Y=0.000 Z=0.000) RuntimeGrid:None EditorOnly:0 RuntimeOnly:0 HLODRelevant:0
 |   |- [+] Clusters:
 |   |   |- [+] [  0]
 |   |   |   |- Guid:BA01C3D64029B738E729CA9CA33E5D3E BaseClass: NativeClass:/Script/Engine.WorldDataLayers Name:WorldDataLayers Label:WorldDataLayers SpatiallyLoaded:0 Bounds:IsValid=true, Min=(X=0.000 Y=0.000 Z=0.000), Max=(X=0.000 Y=0.000 Z=0.000) RuntimeGrid:None EditorOnly:0 RuntimeOnly:0 HLODRelevant:0
 |   |   |- [+] [  1]
 |   |   |   |- Guid:7F8B57464661C181C3BF9DB99AAF8A9B BaseClass: NativeClass:/Script/Landscape.Landscape Name:Landscape_UAID_F079599279ED039401_1518738975 Label:Landscape SpatiallyLoaded:0 Bounds:IsValid=true, Min=(X=-12600.000 Y=-12600.000 Z=100.000), Max=(X=-12600.000 Y=-12600.000 Z=100.000) RuntimeGrid:None EditorOnly:0 RuntimeOnly:0 HLODRelevant:0
 |   |   |- [+] [  2]
 |   |   |   |- Guid:AE0E851A4DB26CD05037EAA1E1BDB333 BaseClass: NativeClass:/Script/Landscape.LandscapeStreamingProxy Name:LandscapeStreamingProxy_8WU5NQK7N7A4JWR49MRE8QWCR_126_0_0_0 Label:LandscapeStreamingProxy_0_0_0 SpatiallyLoaded:1 Bounds:IsValid=true, Min=(X=-12600.000 Y=-12600.000 Z=0.000), Max=(X=0.000 Y=0.000 Z=200.000) RuntimeGrid:None EditorOnly:0 RuntimeOnly:0 HLODRelevant:1
 |   |   |- [+] [  3]
 |   |   |   |- Guid:2C321C5B4F30C5BC9D6061899E88CFD9 BaseClass: NativeClass:/Script/Landscape.LandscapeStreamingProxy Name:LandscapeStreamingProxy_8WU5NQK7N7A4JWR49MRE8QWCR_126_1_0_0 Label:LandscapeStreamingProxy_1_0_0 SpatiallyLoaded:1 Bounds:IsValid=true, Min=(X=0.000 Y=-12600.000 Z=0.000), Max=(X=12600.000 Y=0.000 Z=200.000) RuntimeGrid:None EditorOnly:0 RuntimeOnly:0 HLODRelevant:1
 |   |   |- [+] [  4]
 |   |   |   |- Guid:8809B0CF42FB6FEF2F3C9CB7AC43835C BaseClass: NativeClass:/Script/Landscape.LandscapeStreamingProxy Name:LandscapeStreamingProxy_8WU5NQK7N7A4JWR49MRE8QWCR_126_0_1_0 Label:LandscapeStreamingProxy_0_1_0 SpatiallyLoaded:1 Bounds:IsValid=true, Min=(X=-12600.000 Y=0.000 Z=0.000), Max=(X=0.000 Y=12600.000 Z=200.000) RuntimeGrid:None EditorOnly:0 RuntimeOnly:0 HLODRelevant:1
 |   |   |- [+] [  5]
 |   |   |   |- Guid:51FB3CDB4657ED587DE293AF5069DA7A BaseClass: NativeClass:/Script/Landscape.LandscapeStreamingProxy Name:LandscapeStreamingProxy_8WU5NQK7N7A4JWR49MRE8QWCR_126_1_1_0 Label:LandscapeStreamingProxy_1_1_0 SpatiallyLoaded:1 Bounds:IsValid=true, Min=(X=0.000 Y=0.000 Z=0.000), Max=(X=12600.000 Y=12600.000 Z=200.000) RuntimeGrid:None EditorOnly:0 RuntimeOnly:0 HLODRelevant:1
 |   |   |- [+] [  6]
 |   |   |   |- Guid:7AEC30E9460B1EF9D4C47C9FD8722F5A BaseClass: NativeClass:/Script/Engine.DirectionalLight Name:DirectionalLight_UAID_F079599279ED039401_1572548976 Label:DirectionalLight SpatiallyLoaded:0 Bounds:IsValid=true, Min=(X=-4398046511104.000 Y=-4398046511104.000 Z=-4398046511104.000), Max=(X=4398046511104.000 Y=4398046511104.000 Z=4398046511104.000) RuntimeGrid:None EditorOnly:0 RuntimeOnly:0 HLODRelevant:0
 |   |   |- [+] [  7]
 |   |   |   |- Guid:555E187145F60560CE0C10873BB28F39 BaseClass:/Engine/EngineSky/BP_Sky_Sphere.BP_Sky_Sphere_C NativeClass:/Script/Engine.Actor Name:BP_Sky_Sphere_C_UAID_F079599279ED039401_1588091977 Label:BP_Sky_Sphere SpatiallyLoaded:0 Bounds:IsValid=true, Min=(X=-1624840.000 Y=-1643480.000 Z=-1638400.000), Max=(X=1651960.000 Y=1633320.000 Z=1638400.000) RuntimeGrid:None EditorOnly:0 RuntimeOnly:0 HLODRelevant:0
 |   |   |- [+] [  8]
 |   |   |   |- Guid:2465236743FA69EB25891680D7696D6F BaseClass:/Game/BPD/BPD_CharacterCountess.BPD_CharacterCountess_C NativeClass:/Script/Arcade.CPP_CharacterCountess Name:BPD_CharacterCountess_C_UAID_F079599279ED039401_1620947978 Label:BPD_CharacterCountess SpatiallyLoaded:1 Bounds:IsValid=true, Min=(X=-2387.064 Y=-5747.064 Z=35.435), Max=(X=-2092.936 Y=-5452.936 Z=329.562) RuntimeGrid:None EditorOnly:0 RuntimeOnly:0 HLODRelevant:0
 |- ContainerInstances:
 |- [+] MainContainer:
 |   |-        ID: 0x0000000000000000
 |   |-    Bounds: IsValid=true, Min=(X=-12600.000 Y=-12600.000 Z=0.000), Max=(X=12600.000 Y=12600.000 Z=329.562)
 |   |- Transform: 0.000000,0.000000,0.000000|0.000000,0.000000,-0.000000|1.000000,1.000000,1.000000
 |   |- Container: /Game/Maps/LandscapeWorldPartition
----------------------------------------------------------------------------------------------------------------
LandscapeWorldPartition - Persistent Level
----------------------------------------------------------------------------------------------------------------
Always loaded Actor Count: 19 

----------------------------------------------------------------------------------------------------------------
LandscapeWorldPartition - Runtime Spatial Hash - Streaming Grid - MainGrid
----------------------------------------------------------------------------------------------------------------
            Origin: X=0.000 Y=0.000 Z=0.000
         Cell Size: 12800
      World Bounds: IsValid=true, Min=(X=-12600.000 Y=-12600.000 Z=0.000), Max=(X=12600.000 Y=12600.000 Z=329.562)
     Loading Range: 25600.00
Block Slow Loading: No
 ClientOnlyVisible: No

[+] Grid Levels: 2
 |- Level  0: Cell Count    4 | Cell Size   12800 | Actor Count    5 (100.0%)
 |- Level  1: Cell Count    0 | Cell Size   25600 | Actor Count    0 (0.0%)

[+] Content of Grid Level 0
 |- [+] Content of Cell MainGrid_L0_X-1_Y-1
 |   |- Actor Count: 2
 |   |- Actor Path: /Game/Maps/LandscapeWorldPartition.LandscapeWorldPartition:PersistentLevel.LandscapeStreamingProxy_8WU5NQK7N7A4JWR49MRE8QWCR_126_0_0_0
 |   |- Actor Package: /Game/__ExternalActors__/Maps/LandscapeWorldPartition/4/9R/FR4CKHMFE22NEV2QYWV4W8
 |   |- Actor Path: /Game/Maps/LandscapeWorldPartition.LandscapeWorldPartition:PersistentLevel.BPD_CharacterCountess_C_UAID_F079599279ED039401_1620947978
 |   |- Actor Package: /Game/__ExternalActors__/Maps/LandscapeWorldPartition/3/P3/TFL14LCOU7W25IO62CC4Q9
 |- [+] Content of Cell MainGrid_L0_X0_Y-1
 |   |- Actor Count: 1
 |   |- Actor Path: /Game/Maps/LandscapeWorldPartition.LandscapeWorldPartition:PersistentLevel.LandscapeStreamingProxy_8WU5NQK7N7A4JWR49MRE8QWCR_126_1_0_0
 |   |- Actor Package: /Game/__ExternalActors__/Maps/LandscapeWorldPartition/E/89/92539XQLDAC8C9IDM2MDZJ
 |- [+] Content of Cell MainGrid_L0_X-1_Y0
 |   |- Actor Count: 1
 |   |- Actor Path: /Game/Maps/LandscapeWorldPartition.LandscapeWorldPartition:PersistentLevel.LandscapeStreamingProxy_8WU5NQK7N7A4JWR49MRE8QWCR_126_0_1_0
 |   |- Actor Package: /Game/__ExternalActors__/Maps/LandscapeWorldPartition/B/IF/IOSORL88BBFS3BS1PIN8AO
 |- [+] Content of Cell MainGrid_L0_X0_Y0
 |   |- Actor Count: 1
 |   |- Actor Path: /Game/Maps/LandscapeWorldPartition.LandscapeWorldPartition:PersistentLevel.LandscapeStreamingProxy_8WU5NQK7N7A4JWR49MRE8QWCR_126_1_1_0
 |   |- Actor Package: /Game/__ExternalActors__/Maps/LandscapeWorldPartition/4/A6/Y9HPYLKQ6SEGB9N53KELGL
[+] Content of Grid Level 1

