[+] Containers:
 |- [+] Container: /Game/Maps/LandscapeWorldPartition
 |   |- [+] ActorDescs:
 |   |   |- Guid:1017254E489C16FA95FBF0AA8C78D757 BaseClass: NativeClass:/Script/Engine.SkyLight Name:SkyLight_UAID_F079599279ED059401_1224039333 Label:SkyLight SpatiallyLoaded:0 Bounds:IsValid=true, Min=(X=990.000 Y=280.000 Z=570.000), Max=(X=990.000 Y=280.000 Z=570.000) RuntimeGrid:None EditorOnly:0 RuntimeOnly:0 HLODRelevant:0
 |   |   |- Guid:523355D348DDBE82B186B1B2335E3139 BaseClass: NativeClass:/Script/Landscape.Landscape Name:Landscape_UAID_F079599279ED039401_1735382975 Label:Landscape SpatiallyLoaded:0 Bounds:IsValid=true, Min=(X=-12600.000 Y=-12600.000 Z=100.000), Max=(X=-12600.000 Y=-12600.000 Z=100.000) RuntimeGrid:None EditorOnly:0 RuntimeOnly:0 HLODRelevant:0
 |   |   |- Guid:68D32243491492F9211685BE7A27FD85 BaseClass: NativeClass:/Script/Landscape.LandscapeStreamingProxy Name:LandscapeStreamingProxy_02Q0PU8XD0PAT714XZWDTCB5P_126_1_0_0 Label:LandscapeStreamingProxy_1_0_0 SpatiallyLoaded:1 Bounds:IsValid=true, Min=(X=0.000 Y=-12600.000 Z=0.000), Max=(X=12600.000 Y=0.000 Z=200.000) RuntimeGrid:None EditorOnly:0 RuntimeOnly:0 HLODRelevant:1
 |   |   |- Guid:72F361A840A8668F95E3E995D5307805 BaseClass: NativeClass:/Script/Landscape.LandscapeStreamingProxy Name:LandscapeStreamingProxy_02Q0PU8XD0PAT714XZWDTCB5P_126_0_0_0 Label:LandscapeStreamingProxy_0_0_0 SpatiallyLoaded:1 Bounds:IsValid=true, Min=(X=-12600.000 Y=-12600.000 Z=0.000), Max=(X=0.000 Y=0.000 Z=200.000) RuntimeGrid:None EditorOnly:0 RuntimeOnly:0 HLODRelevant:1
 |   |   |- Guid:82C08D974885D3EA22AD97BDD02E84BA BaseClass: NativeClass:/Script/Engine.SkyAtmosphere Name:SkyAtmosphere_UAID_F079599279ED049401_2000805156 Label:SkyAtmosphere SpatiallyLoaded:0 Bounds:IsValid=true, Min=(X=7990.000 Y=-1760.000 Z=7160.000), Max=(X=7990.000 Y=-1760.000 Z=7160.000) RuntimeGrid:None EditorOnly:0 RuntimeOnly:0 HLODRelevant:0
 |   |   |- Guid:8667728B4E3F3C633016DEBD3A6E36E1 BaseClass: NativeClass:/Script/Arcade.CPP_PossibleSpawnLocation Name:CPP_PossibleSpawnLocation_UAID_F079599279ED039401_1806098979 Label:CPP_PossibleSpawnLocation SpatiallyLoaded:1 Bounds:IsValid=true, Min=(X=1290.000 Y=-520.000 Z=100.000), Max=(X=1290.000 Y=-520.000 Z=100.000) RuntimeGrid:None EditorOnly:0 RuntimeOnly:0 HLODRelevant:0
 |   |   |- Guid:90D5FA684389E6D9B2E7EEADC37F2BCB BaseClass:/Game/BPD/BPD_CharacterCountess.BPD_CharacterCountess_C NativeClass:/Script/Arcade.CPP_CharacterCountess Name:BPD_CharacterCountess_C_UAID_F079599279ED039401_1787081978 Label:BPD_CharacterCountess SpatiallyLoaded:1 Bounds:IsValid=true, Min=(X=1082.936 Y=-267.064 Z=35.435), Max=(X=1377.064 Y=27.064 Z=329.562) RuntimeGrid:None EditorOnly:0 RuntimeOnly:0 HLODRelevant:0
 |   |   |- Guid:95EBD9424EC461E47331ABB61EAEC6B7 BaseClass: NativeClass:/Script/Engine.StaticMeshActor Name:StaticMeshActor_UAID_F079599279ED069401_1634464510 Label:Cube SpatiallyLoaded:1 Bounds:IsValid=true, Min=(X=1680.000 Y=220.000 Z=140.000), Max=(X=1780.000 Y=320.000 Z=240.000) RuntimeGrid:None EditorOnly:0 RuntimeOnly:0 HLODRelevant:1
 |   |   |- Guid:BA01C3D64029B738E729CA9CA33E5D3E BaseClass: NativeClass:/Script/Engine.WorldDataLayers Name:WorldDataLayers Label:WorldDataLayers SpatiallyLoaded:0 Bounds:IsValid=true, Min=(X=0.000 Y=0.000 Z=0.000), Max=(X=0.000 Y=0.000 Z=0.000) RuntimeGrid:None EditorOnly:0 RuntimeOnly:0 HLODRelevant:0
 |   |   |- Guid:C35BB47447E9987C4535449920D0EEEC BaseClass: NativeClass:/Script/Landscape.LandscapeStreamingProxy Name:LandscapeStreamingProxy_02Q0PU8XD0PAT714XZWDTCB5P_126_0_1_0 Label:LandscapeStreamingProxy_0_1_0 SpatiallyLoaded:1 Bounds:IsValid=true, Min=(X=-12600.000 Y=0.000 Z=0.000), Max=(X=0.000 Y=12600.000 Z=200.000) RuntimeGrid:None EditorOnly:0 RuntimeOnly:0 HLODRelevant:1
 |   |   |- Guid:CC23D90E4408370D28280191690FA5C7 BaseClass: NativeClass:/Script/Landscape.LandscapeStreamingProxy Name:LandscapeStreamingProxy_02Q0PU8XD0PAT714XZWDTCB5P_126_1_1_0 Label:LandscapeStreamingProxy_1_1_0 SpatiallyLoaded:1 Bounds:IsValid=true, Min=(X=0.000 Y=0.000 Z=0.000), Max=(X=12600.000 Y=12600.000 Z=200.000) RuntimeGrid:None EditorOnly:0 RuntimeOnly:0 HLODRelevant:1
 |   |   |- Guid:DF82AA8F440BB5932C9CD2A550508074 BaseClass: NativeClass:/Script/Engine.DirectionalLight Name:DirectionalLight_UAID_F079599279ED039401_1769924977 Label:DirectionalLight SpatiallyLoaded:0 Bounds:IsValid=true, Min=(X=-4398046511104.000 Y=-4398046511104.000 Z=-4398046511104.000), Max=(X=4398046511104.000 Y=4398046511104.000 Z=4398046511104.000) RuntimeGrid:None EditorOnly:0 RuntimeOnly:0 HLODRelevant:0
 |   |- [+] Clusters:
 |   |   |- [+] [  0]
 |   |   |   |- Guid:BA01C3D64029B738E729CA9CA33E5D3E BaseClass: NativeClass:/Script/Engine.WorldDataLayers Name:WorldDataLayers Label:WorldDataLayers SpatiallyLoaded:0 Bounds:IsValid=true, Min=(X=0.000 Y=0.000 Z=0.000), Max=(X=0.000 Y=0.000 Z=0.000) RuntimeGrid:None EditorOnly:0 RuntimeOnly:0 HLODRelevant:0
 |   |   |- [+] [  1]
 |   |   |   |- Guid:523355D348DDBE82B186B1B2335E3139 BaseClass: NativeClass:/Script/Landscape.Landscape Name:Landscape_UAID_F079599279ED039401_1735382975 Label:Landscape SpatiallyLoaded:0 Bounds:IsValid=true, Min=(X=-12600.000 Y=-12600.000 Z=100.000), Max=(X=-12600.000 Y=-12600.000 Z=100.000) RuntimeGrid:None EditorOnly:0 RuntimeOnly:0 HLODRelevant:0
 |   |   |- [+] [  2]
 |   |   |   |- Guid:72F361A840A8668F95E3E995D5307805 BaseClass: NativeClass:/Script/Landscape.LandscapeStreamingProxy Name:LandscapeStreamingProxy_02Q0PU8XD0PAT714XZWDTCB5P_126_0_0_0 Label:LandscapeStreamingProxy_0_0_0 SpatiallyLoaded:1 Bounds:IsValid=true, Min=(X=-12600.000 Y=-12600.000 Z=0.000), Max=(X=0.000 Y=0.000 Z=200.000) RuntimeGrid:None EditorOnly:0 RuntimeOnly:0 HLODRelevant:1
 |   |   |- [+] [  3]
 |   |   |   |- Guid:68D32243491492F9211685BE7A27FD85 BaseClass: NativeClass:/Script/Landscape.LandscapeStreamingProxy Name:LandscapeStreamingProxy_02Q0PU8XD0PAT714XZWDTCB5P_126_1_0_0 Label:LandscapeStreamingProxy_1_0_0 SpatiallyLoaded:1 Bounds:IsValid=true, Min=(X=0.000 Y=-12600.000 Z=0.000), Max=(X=12600.000 Y=0.000 Z=200.000) RuntimeGrid:None EditorOnly:0 RuntimeOnly:0 HLODRelevant:1
 |   |   |- [+] [  4]
 |   |   |   |- Guid:C35BB47447E9987C4535449920D0EEEC BaseClass: NativeClass:/Script/Landscape.LandscapeStreamingProxy Name:LandscapeStreamingProxy_02Q0PU8XD0PAT714XZWDTCB5P_126_0_1_0 Label:LandscapeStreamingProxy_0_1_0 SpatiallyLoaded:1 Bounds:IsValid=true, Min=(X=-12600.000 Y=0.000 Z=0.000), Max=(X=0.000 Y=12600.000 Z=200.000) RuntimeGrid:None EditorOnly:0 RuntimeOnly:0 HLODRelevant:1
 |   |   |- [+] [  5]
 |   |   |   |- Guid:CC23D90E4408370D28280191690FA5C7 BaseClass: NativeClass:/Script/Landscape.LandscapeStreamingProxy Name:LandscapeStreamingProxy_02Q0PU8XD0PAT714XZWDTCB5P_126_1_1_0 Label:LandscapeStreamingProxy_1_1_0 SpatiallyLoaded:1 Bounds:IsValid=true, Min=(X=0.000 Y=0.000 Z=0.000), Max=(X=12600.000 Y=12600.000 Z=200.000) RuntimeGrid:None EditorOnly:0 RuntimeOnly:0 HLODRelevant:1
 |   |   |- [+] [  6]
 |   |   |   |- Guid:1017254E489C16FA95FBF0AA8C78D757 BaseClass: NativeClass:/Script/Engine.SkyLight Name:SkyLight_UAID_F079599279ED059401_1224039333 Label:SkyLight SpatiallyLoaded:0 Bounds:IsValid=true, Min=(X=990.000 Y=280.000 Z=570.000), Max=(X=990.000 Y=280.000 Z=570.000) RuntimeGrid:None EditorOnly:0 RuntimeOnly:0 HLODRelevant:0
 |   |   |- [+] [  7]
 |   |   |   |- Guid:DF82AA8F440BB5932C9CD2A550508074 BaseClass: NativeClass:/Script/Engine.DirectionalLight Name:DirectionalLight_UAID_F079599279ED039401_1769924977 Label:DirectionalLight SpatiallyLoaded:0 Bounds:IsValid=true, Min=(X=-4398046511104.000 Y=-4398046511104.000 Z=-4398046511104.000), Max=(X=4398046511104.000 Y=4398046511104.000 Z=4398046511104.000) RuntimeGrid:None EditorOnly:0 RuntimeOnly:0 HLODRelevant:0
 |   |   |- [+] [  8]
 |   |   |   |- Guid:90D5FA684389E6D9B2E7EEADC37F2BCB BaseClass:/Game/BPD/BPD_CharacterCountess.BPD_CharacterCountess_C NativeClass:/Script/Arcade.CPP_CharacterCountess Name:BPD_CharacterCountess_C_UAID_F079599279ED039401_1787081978 Label:BPD_CharacterCountess SpatiallyLoaded:1 Bounds:IsValid=true, Min=(X=1082.936 Y=-267.064 Z=35.435), Max=(X=1377.064 Y=27.064 Z=329.562) RuntimeGrid:None EditorOnly:0 RuntimeOnly:0 HLODRelevant:0
 |   |   |- [+] [  9]
 |   |   |   |- Guid:8667728B4E3F3C633016DEBD3A6E36E1 BaseClass: NativeClass:/Script/Arcade.CPP_PossibleSpawnLocation Name:CPP_PossibleSpawnLocation_UAID_F079599279ED039401_1806098979 Label:CPP_PossibleSpawnLocation SpatiallyLoaded:1 Bounds:IsValid=true, Min=(X=1290.000 Y=-520.000 Z=100.000), Max=(X=1290.000 Y=-520.000 Z=100.000) RuntimeGrid:None EditorOnly:0 RuntimeOnly:0 HLODRelevant:0
 |   |   |- [+] [ 10]
 |   |   |   |- Guid:82C08D974885D3EA22AD97BDD02E84BA BaseClass: NativeClass:/Script/Engine.SkyAtmosphere Name:SkyAtmosphere_UAID_F079599279ED049401_2000805156 Label:SkyAtmosphere SpatiallyLoaded:0 Bounds:IsValid=true, Min=(X=7990.000 Y=-1760.000 Z=7160.000), Max=(X=7990.000 Y=-1760.000 Z=7160.000) RuntimeGrid:None EditorOnly:0 RuntimeOnly:0 HLODRelevant:0
 |   |   |- [+] [ 11]
 |   |   |   |- Guid:95EBD9424EC461E47331ABB61EAEC6B7 BaseClass: NativeClass:/Script/Engine.StaticMeshActor Name:StaticMeshActor_UAID_F079599279ED069401_1634464510 Label:Cube SpatiallyLoaded:1 Bounds:IsValid=true, Min=(X=1680.000 Y=220.000 Z=140.000), Max=(X=1780.000 Y=320.000 Z=240.000) RuntimeGrid:None EditorOnly:0 RuntimeOnly:0 HLODRelevant:1
 |- ContainerInstances:
 |- [+] MainContainer:
 |   |-        ID: 0x0000000000000000
 |   |-    Bounds: IsValid=true, Min=(X=-12600.000 Y=-12600.000 Z=0.000), Max=(X=12600.000 Y=12600.000 Z=329.562)
 |   |- Transform: 0.000000,0.000000,0.000000|0.000000,0.000000,-0.000000|1.000000,1.000000,1.000000
 |   |- Container: /Game/Maps/LandscapeWorldPartition
----------------------------------------------------------------------------------------------------------------
LandscapeWorldPartition - Persistent Level
----------------------------------------------------------------------------------------------------------------
Always loaded Actor Count: 19 

----------------------------------------------------------------------------------------------------------------
LandscapeWorldPartition - Runtime Spatial Hash - Streaming Grid - MainGrid
----------------------------------------------------------------------------------------------------------------
            Origin: X=0.000 Y=0.000 Z=0.000
         Cell Size: 12800
      World Bounds: IsValid=true, Min=(X=-12600.000 Y=-12600.000 Z=0.000), Max=(X=12600.000 Y=12600.000 Z=329.562)
     Loading Range: 25600.00
Block Slow Loading: No
 ClientOnlyVisible: No

[+] Grid Levels: 2
 |- Level  0: Cell Count    4 | Cell Size   12800 | Actor Count    6 (100.0%)
 |- Level  1: Cell Count    0 | Cell Size   25600 | Actor Count    0 (0.0%)

[+] Content of Grid Level 0
 |- [+] Content of Cell MainGrid_L0_X-1_Y-1
 |   |- Actor Count: 1
 |   |- Actor Path: /Game/Maps/LandscapeWorldPartition.LandscapeWorldPartition:PersistentLevel.LandscapeStreamingProxy_02Q0PU8XD0PAT714XZWDTCB5P_126_0_0_0
 |   |- Actor Package: /Game/__ExternalActors__/Maps/LandscapeWorldPartition/1/5B/X8BCJMS66XWV547RMUSYL2
 |- [+] Content of Cell MainGrid_L0_X0_Y-1
 |   |- Actor Count: 2
 |   |- Actor Path: /Game/Maps/LandscapeWorldPartition.LandscapeWorldPartition:PersistentLevel.LandscapeStreamingProxy_02Q0PU8XD0PAT714XZWDTCB5P_126_1_0_0
 |   |- Actor Package: /Game/__ExternalActors__/Maps/LandscapeWorldPartition/D/NQ/OWDDC6QOQYPA11TUZ5FIRS
 |   |- Actor Path: /Game/Maps/LandscapeWorldPartition.LandscapeWorldPartition:PersistentLevel.CPP_PossibleSpawnLocation_UAID_F079599279ED039401_1806098979
 |   |- Actor Package: /Game/__ExternalActors__/Maps/LandscapeWorldPartition/3/SN/2EAK0REV59R2AWR1YQDEQR
 |- [+] Content of Cell MainGrid_L0_X-1_Y0
 |   |- Actor Count: 1
 |   |- Actor Path: /Game/Maps/LandscapeWorldPartition.LandscapeWorldPartition:PersistentLevel.LandscapeStreamingProxy_02Q0PU8XD0PAT714XZWDTCB5P_126_0_1_0
 |   |- Actor Package: /Game/__ExternalActors__/Maps/LandscapeWorldPartition/5/Y9/Z08LCCUJFG3U5Y7HOFE4MK
 |- [+] Content of Cell MainGrid_L0_X0_Y0
 |   |- Actor Count: 2
 |   |- Actor Path: /Game/Maps/LandscapeWorldPartition.LandscapeWorldPartition:PersistentLevel.LandscapeStreamingProxy_02Q0PU8XD0PAT714XZWDTCB5P_126_1_1_0
 |   |- Actor Package: /Game/__ExternalActors__/Maps/LandscapeWorldPartition/5/4L/GO6CC66V6W08K4Q5A279TO
 |   |- Actor Path: /Game/Maps/LandscapeWorldPartition.LandscapeWorldPartition:PersistentLevel.StaticMeshActor_UAID_F079599279ED069401_1634464510
 |   |- Actor Package: /Game/__ExternalActors__/Maps/LandscapeWorldPartition/3/9Y/CXSPR58MV5WG0IVNF4SUUP
[+] Content of Grid Level 1

